<?xml version="1.0" encoding="UTF-8"?>
<testsuite xmlns:xsi="http://www.w3.org/2001/XMLSchema-instance" xsi:noNamespaceSchemaLocation="https://maven.apache.org/surefire/maven-surefire-plugin/xsd/surefire-test-report.xsd" name="com.islet.MailServiceApplicationTests" time="8.547" tests="1" errors="0" skipped="0" failures="0">
  <properties>
    <property name="sun.desktop" value="windows"/>
    <property name="awt.toolkit" value="sun.awt.windows.WToolkit"/>
    <property name="file.encoding.pkg" value="sun.io"/>
    <property name="java.specification.version" value="1.8"/>
    <property name="sun.cpu.isalist" value="amd64"/>
    <property name="sun.jnu.encoding" value="GBK"/>
    <property name="java.class.path" value="C:\Users\EDZ\Desktop\mail-miqu\mail-service\target\test-classes;C:\Users\EDZ\Desktop\mail-miqu\mail-service\target\classes;D:\application\apache-maven-3.6.3\repo\org\springframework\boot\spring-boot-starter-freemarker\2.5.4\spring-boot-starter-freemarker-2.5.4.jar;D:\application\apache-maven-3.6.3\repo\org\springframework\boot\spring-boot-starter\2.5.4\spring-boot-starter-2.5.4.jar;D:\application\apache-maven-3.6.3\repo\org\springframework\boot\spring-boot\2.5.4\spring-boot-2.5.4.jar;D:\application\apache-maven-3.6.3\repo\org\springframework\boot\spring-boot-starter-logging\2.5.4\spring-boot-starter-logging-2.5.4.jar;D:\application\apache-maven-3.6.3\repo\ch\qos\logback\logback-classic\1.2.5\logback-classic-1.2.5.jar;D:\application\apache-maven-3.6.3\repo\ch\qos\logback\logback-core\1.2.5\logback-core-1.2.5.jar;D:\application\apache-maven-3.6.3\repo\org\apache\logging\log4j\log4j-to-slf4j\2.14.1\log4j-to-slf4j-2.14.1.jar;D:\application\apache-maven-3.6.3\repo\org\slf4j\jul-to-slf4j\1.7.32\jul-to-slf4j-1.7.32.jar;D:\application\apache-maven-3.6.3\repo\jakarta\annotation\jakarta.annotation-api\1.3.5\jakarta.annotation-api-1.3.5.jar;D:\application\apache-maven-3.6.3\repo\org\yaml\snakeyaml\1.28\snakeyaml-1.28.jar;D:\application\apache-maven-3.6.3\repo\org\freemarker\freemarker\2.3.31\freemarker-2.3.31.jar;D:\application\apache-maven-3.6.3\repo\org\springframework\spring-context-support\5.3.9\spring-context-support-5.3.9.jar;D:\application\apache-maven-3.6.3\repo\org\springframework\spring-beans\5.3.9\spring-beans-5.3.9.jar;D:\application\apache-maven-3.6.3\repo\org\springframework\boot\spring-boot-starter-web\2.5.4\spring-boot-starter-web-2.5.4.jar;D:\application\apache-maven-3.6.3\repo\org\springframework\boot\spring-boot-starter-json\2.5.4\spring-boot-starter-json-2.5.4.jar;D:\application\apache-maven-3.6.3\repo\com\fasterxml\jackson\datatype\jackson-datatype-jdk8\2.12.4\jackson-datatype-jdk8-2.12.4.jar;D:\application\apache-maven-3.6.3\repo\com\fasterxml\jackson\datatype\jackson-datatype-jsr310\2.12.4\jackson-datatype-jsr310-2.12.4.jar;D:\application\apache-maven-3.6.3\repo\com\fasterxml\jackson\module\jackson-module-parameter-names\2.12.4\jackson-module-parameter-names-2.12.4.jar;D:\application\apache-maven-3.6.3\repo\org\springframework\boot\spring-boot-starter-tomcat\2.5.4\spring-boot-starter-tomcat-2.5.4.jar;D:\application\apache-maven-3.6.3\repo\org\apache\tomcat\embed\tomcat-embed-core\9.0.52\tomcat-embed-core-9.0.52.jar;D:\application\apache-maven-3.6.3\repo\org\apache\tomcat\embed\tomcat-embed-el\9.0.52\tomcat-embed-el-9.0.52.jar;D:\application\apache-maven-3.6.3\repo\org\apache\tomcat\embed\tomcat-embed-websocket\9.0.52\tomcat-embed-websocket-9.0.52.jar;D:\application\apache-maven-3.6.3\repo\org\springframework\spring-web\5.3.9\spring-web-5.3.9.jar;D:\application\apache-maven-3.6.3\repo\org\springframework\spring-webmvc\5.3.9\spring-webmvc-5.3.9.jar;D:\application\apache-maven-3.6.3\repo\org\springframework\spring-aop\5.3.9\spring-aop-5.3.9.jar;D:\application\apache-maven-3.6.3\repo\org\springframework\spring-expression\5.3.9\spring-expression-5.3.9.jar;D:\application\apache-maven-3.6.3\repo\org\springframework\boot\spring-boot-starter-jdbc\2.5.4\spring-boot-starter-jdbc-2.5.4.jar;D:\application\apache-maven-3.6.3\repo\com\zaxxer\HikariCP\4.0.3\HikariCP-4.0.3.jar;D:\application\apache-maven-3.6.3\repo\org\springframework\spring-jdbc\5.3.9\spring-jdbc-5.3.9.jar;D:\application\apache-maven-3.6.3\repo\mysql\mysql-connector-java\8.0.26\mysql-connector-java-8.0.26.jar;D:\application\apache-maven-3.6.3\repo\com\baomidou\mybatis-plus-boot-starter\3.0.6\mybatis-plus-boot-starter-3.0.6.jar;D:\application\apache-maven-3.6.3\repo\com\baomidou\mybatis-plus\3.0.6\mybatis-plus-3.0.6.jar;D:\application\apache-maven-3.6.3\repo\com\baomidou\mybatis-plus-extension\3.0.6\mybatis-plus-extension-3.0.6.jar;D:\application\apache-maven-3.6.3\repo\com\baomidou\mybatis-plus-core\3.0.6\mybatis-plus-core-3.0.6.jar;D:\application\apache-maven-3.6.3\repo\com\baomidou\mybatis-plus-annotation\3.0.6\mybatis-plus-annotation-3.0.6.jar;D:\application\apache-maven-3.6.3\repo\com\github\jsqlparser\jsqlparser\1.2\jsqlparser-1.2.jar;D:\application\apache-maven-3.6.3\repo\org\mybatis\mybatis-spring\1.3.2\mybatis-spring-1.3.2.jar;D:\application\apache-maven-3.6.3\repo\org\mybatis\mybatis\3.4.6\mybatis-3.4.6.jar;D:\application\apache-maven-3.6.3\repo\com\baomidou\mybatis-plus-generator\3.0.6\mybatis-plus-generator-3.0.6.jar;D:\application\apache-maven-3.6.3\repo\org\springframework\boot\spring-boot-autoconfigure\2.5.4\spring-boot-autoconfigure-2.5.4.jar;D:\application\apache-maven-3.6.3\repo\org\springframework\boot\spring-boot-configuration-processor\2.5.4\spring-boot-configuration-processor-2.5.4.jar;D:\application\apache-maven-3.6.3\repo\org\springframework\data\spring-data-elasticsearch\4.2.4\spring-data-elasticsearch-4.2.4.jar;D:\application\apache-maven-3.6.3\repo\org\springframework\spring-context\5.3.9\spring-context-5.3.9.jar;D:\application\apache-maven-3.6.3\repo\org\springframework\spring-tx\5.3.9\spring-tx-5.3.9.jar;D:\application\apache-maven-3.6.3\repo\org\springframework\data\spring-data-commons\2.5.4\spring-data-commons-2.5.4.jar;D:\application\apache-maven-3.6.3\repo\org\elasticsearch\client\transport\7.12.1\transport-7.12.1.jar;D:\application\apache-maven-3.6.3\repo\org\elasticsearch\elasticsearch\7.12.1\elasticsearch-7.12.1.jar;D:\application\apache-maven-3.6.3\repo\org\elasticsearch\elasticsearch-core\7.12.1\elasticsearch-core-7.12.1.jar;D:\application\apache-maven-3.6.3\repo\org\elasticsearch\elasticsearch-secure-sm\7.12.1\elasticsearch-secure-sm-7.12.1.jar;D:\application\apache-maven-3.6.3\repo\org\elasticsearch\elasticsearch-x-content\7.12.1\elasticsearch-x-content-7.12.1.jar;D:\application\apache-maven-3.6.3\repo\com\fasterxml\jackson\dataformat\jackson-dataformat-smile\2.12.4\jackson-dataformat-smile-2.12.4.jar;D:\application\apache-maven-3.6.3\repo\com\fasterxml\jackson\dataformat\jackson-dataformat-yaml\2.12.4\jackson-dataformat-yaml-2.12.4.jar;D:\application\apache-maven-3.6.3\repo\com\fasterxml\jackson\dataformat\jackson-dataformat-cbor\2.12.4\jackson-dataformat-cbor-2.12.4.jar;D:\application\apache-maven-3.6.3\repo\org\elasticsearch\elasticsearch-geo\7.12.1\elasticsearch-geo-7.12.1.jar;D:\application\apache-maven-3.6.3\repo\org\apache\lucene\lucene-core\8.8.0\lucene-core-8.8.0.jar;D:\application\apache-maven-3.6.3\repo\org\apache\lucene\lucene-analyzers-common\8.8.0\lucene-analyzers-common-8.8.0.jar;D:\application\apache-maven-3.6.3\repo\org\apache\lucene\lucene-backward-codecs\8.8.0\lucene-backward-codecs-8.8.0.jar;D:\application\apache-maven-3.6.3\repo\org\apache\lucene\lucene-grouping\8.8.0\lucene-grouping-8.8.0.jar;D:\application\apache-maven-3.6.3\repo\org\apache\lucene\lucene-highlighter\8.8.0\lucene-highlighter-8.8.0.jar;D:\application\apache-maven-3.6.3\repo\org\apache\lucene\lucene-join\8.8.0\lucene-join-8.8.0.jar;D:\application\apache-maven-3.6.3\repo\org\apache\lucene\lucene-memory\8.8.0\lucene-memory-8.8.0.jar;D:\application\apache-maven-3.6.3\repo\org\apache\lucene\lucene-misc\8.8.0\lucene-misc-8.8.0.jar;D:\application\apache-maven-3.6.3\repo\org\apache\lucene\lucene-queries\8.8.0\lucene-queries-8.8.0.jar;D:\application\apache-maven-3.6.3\repo\org\apache\lucene\lucene-queryparser\8.8.0\lucene-queryparser-8.8.0.jar;D:\application\apache-maven-3.6.3\repo\org\apache\lucene\lucene-sandbox\8.8.0\lucene-sandbox-8.8.0.jar;D:\application\apache-maven-3.6.3\repo\org\apache\lucene\lucene-spatial-extras\8.8.0\lucene-spatial-extras-8.8.0.jar;D:\application\apache-maven-3.6.3\repo\org\apache\lucene\lucene-spatial3d\8.8.0\lucene-spatial3d-8.8.0.jar;D:\application\apache-maven-3.6.3\repo\org\apache\lucene\lucene-suggest\8.8.0\lucene-suggest-8.8.0.jar;D:\application\apache-maven-3.6.3\repo\org\elasticsearch\elasticsearch-cli\7.12.1\elasticsearch-cli-7.12.1.jar;D:\application\apache-maven-3.6.3\repo\net\sf\jopt-simple\jopt-simple\5.0.2\jopt-simple-5.0.2.jar;D:\application\apache-maven-3.6.3\repo\com\carrotsearch\hppc\0.8.1\hppc-0.8.1.jar;D:\application\apache-maven-3.6.3\repo\com\tdunning\t-digest\3.2\t-digest-3.2.jar;D:\application\apache-maven-3.6.3\repo\org\hdrhistogram\HdrHistogram\2.1.9\HdrHistogram-2.1.9.jar;D:\application\apache-maven-3.6.3\repo\org\apache\logging\log4j\log4j-api\2.14.1\log4j-api-2.14.1.jar;D:\application\apache-maven-3.6.3\repo\org\elasticsearch\jna\5.7.0-1\jna-5.7.0-1.jar;D:\application\apache-maven-3.6.3\repo\org\elasticsearch\elasticsearch-plugin-classloader\7.12.1\elasticsearch-plugin-classloader-7.12.1.jar;D:\application\apache-maven-3.6.3\repo\org\elasticsearch\plugin\reindex-client\7.12.1\reindex-client-7.12.1.jar;D:\application\apache-maven-3.6.3\repo\org\elasticsearch\elasticsearch-ssl-config\7.12.1\elasticsearch-ssl-config-7.12.1.jar;D:\application\apache-maven-3.6.3\repo\org\elasticsearch\plugin\lang-mustache-client\7.12.1\lang-mustache-client-7.12.1.jar;D:\application\apache-maven-3.6.3\repo\com\github\spullara\mustache\java\compiler\0.9.6\compiler-0.9.6.jar;D:\application\apache-maven-3.6.3\repo\org\elasticsearch\plugin\percolator-client\7.12.1\percolator-client-7.12.1.jar;D:\application\apache-maven-3.6.3\repo\org\elasticsearch\plugin\parent-join-client\7.12.1\parent-join-client-7.12.1.jar;D:\application\apache-maven-3.6.3\repo\org\elasticsearch\plugin\rank-eval-client\7.12.1\rank-eval-client-7.12.1.jar;D:\application\apache-maven-3.6.3\repo\org\elasticsearch\plugin\transport-netty4-client\7.12.1\transport-netty4-client-7.12.1.jar;D:\application\apache-maven-3.6.3\repo\io\netty\netty-buffer\4.1.67.Final\netty-buffer-4.1.67.Final.jar;D:\application\apache-maven-3.6.3\repo\io\netty\netty-codec\4.1.67.Final\netty-codec-4.1.67.Final.jar;D:\application\apache-maven-3.6.3\repo\io\netty\netty-codec-http\4.1.67.Final\netty-codec-http-4.1.67.Final.jar;D:\application\apache-maven-3.6.3\repo\io\netty\netty-common\4.1.67.Final\netty-common-4.1.67.Final.jar;D:\application\apache-maven-3.6.3\repo\io\netty\netty-handler\4.1.67.Final\netty-handler-4.1.67.Final.jar;D:\application\apache-maven-3.6.3\repo\io\netty\netty-resolver\4.1.67.Final\netty-resolver-4.1.67.Final.jar;D:\application\apache-maven-3.6.3\repo\io\netty\netty-transport\4.1.67.Final\netty-transport-4.1.67.Final.jar;D:\application\apache-maven-3.6.3\repo\org\elasticsearch\client\elasticsearch-rest-high-level-client\7.12.1\elasticsearch-rest-high-level-client-7.12.1.jar;D:\application\apache-maven-3.6.3\repo\org\elasticsearch\client\elasticsearch-rest-client\7.12.1\elasticsearch-rest-client-7.12.1.jar;D:\application\apache-maven-3.6.3\repo\org\apache\httpcomponents\httpasyncclient\4.1.4\httpasyncclient-4.1.4.jar;D:\application\apache-maven-3.6.3\repo\org\apache\httpcomponents\httpcore-nio\4.4.14\httpcore-nio-4.4.14.jar;D:\application\apache-maven-3.6.3\repo\org\elasticsearch\plugin\mapper-extras-client\7.12.1\mapper-extras-client-7.12.1.jar;D:\application\apache-maven-3.6.3\repo\org\elasticsearch\plugin\aggs-matrix-stats-client\7.12.1\aggs-matrix-stats-client-7.12.1.jar;D:\application\apache-maven-3.6.3\repo\com\fasterxml\jackson\core\jackson-core\2.12.4\jackson-core-2.12.4.jar;D:\application\apache-maven-3.6.3\repo\com\fasterxml\jackson\core\jackson-databind\2.12.4\jackson-databind-2.12.4.jar;D:\application\apache-maven-3.6.3\repo\com\fasterxml\jackson\core\jackson-annotations\2.12.4\jackson-annotations-2.12.4.jar;D:\application\apache-maven-3.6.3\repo\org\slf4j\slf4j-api\1.7.32\slf4j-api-1.7.32.jar;D:\application\apache-maven-3.6.3\repo\org\projectlombok\lombok\1.18.20\lombok-1.18.20.jar;D:\application\apache-maven-3.6.3\repo\javax\validation\validation-api\2.0.1.Final\validation-api-2.0.1.Final.jar;D:\application\apache-maven-3.6.3\repo\org\springframework\boot\spring-boot-starter-test\2.5.4\spring-boot-starter-test-2.5.4.jar;D:\application\apache-maven-3.6.3\repo\org\springframework\boot\spring-boot-test\2.5.4\spring-boot-test-2.5.4.jar;D:\application\apache-maven-3.6.3\repo\org\springframework\boot\spring-boot-test-autoconfigure\2.5.4\spring-boot-test-autoconfigure-2.5.4.jar;D:\application\apache-maven-3.6.3\repo\com\jayway\jsonpath\json-path\2.5.0\json-path-2.5.0.jar;D:\application\apache-maven-3.6.3\repo\net\minidev\json-smart\2.4.7\json-smart-2.4.7.jar;D:\application\apache-maven-3.6.3\repo\net\minidev\accessors-smart\2.4.7\accessors-smart-2.4.7.jar;D:\application\apache-maven-3.6.3\repo\org\ow2\asm\asm\9.1\asm-9.1.jar;D:\application\apache-maven-3.6.3\repo\jakarta\xml\bind\jakarta.xml.bind-api\2.3.3\jakarta.xml.bind-api-2.3.3.jar;D:\application\apache-maven-3.6.3\repo\jakarta\activation\jakarta.activation-api\1.2.2\jakarta.activation-api-1.2.2.jar;D:\application\apache-maven-3.6.3\repo\org\assertj\assertj-core\3.19.0\assertj-core-3.19.0.jar;D:\application\apache-maven-3.6.3\repo\org\hamcrest\hamcrest\2.2\hamcrest-2.2.jar;D:\application\apache-maven-3.6.3\repo\org\junit\jupiter\junit-jupiter\5.7.2\junit-jupiter-5.7.2.jar;D:\application\apache-maven-3.6.3\repo\org\junit\jupiter\junit-jupiter-api\5.7.2\junit-jupiter-api-5.7.2.jar;D:\application\apache-maven-3.6.3\repo\org\apiguardian\apiguardian-api\1.1.0\apiguardian-api-1.1.0.jar;D:\application\apache-maven-3.6.3\repo\org\opentest4j\opentest4j\1.2.0\opentest4j-1.2.0.jar;D:\application\apache-maven-3.6.3\repo\org\junit\platform\junit-platform-commons\1.7.2\junit-platform-commons-1.7.2.jar;D:\application\apache-maven-3.6.3\repo\org\junit\jupiter\junit-jupiter-params\5.7.2\junit-jupiter-params-5.7.2.jar;D:\application\apache-maven-3.6.3\repo\org\junit\jupiter\junit-jupiter-engine\5.7.2\junit-jupiter-engine-5.7.2.jar;D:\application\apache-maven-3.6.3\repo\org\junit\platform\junit-platform-engine\1.7.2\junit-platform-engine-1.7.2.jar;D:\application\apache-maven-3.6.3\repo\org\mockito\mockito-core\3.9.0\mockito-core-3.9.0.jar;D:\application\apache-maven-3.6.3\repo\net\bytebuddy\byte-buddy\1.10.22\byte-buddy-1.10.22.jar;D:\application\apache-maven-3.6.3\repo\net\bytebuddy\byte-buddy-agent\1.10.22\byte-buddy-agent-1.10.22.jar;D:\application\apache-maven-3.6.3\repo\org\objenesis\objenesis\3.2\objenesis-3.2.jar;D:\application\apache-maven-3.6.3\repo\org\mockito\mockito-junit-jupiter\3.9.0\mockito-junit-jupiter-3.9.0.jar;D:\application\apache-maven-3.6.3\repo\org\skyscreamer\jsonassert\1.5.0\jsonassert-1.5.0.jar;D:\application\apache-maven-3.6.3\repo\com\vaadin\external\google\android-json\0.0.20131108.vaadin1\android-json-0.0.20131108.vaadin1.jar;D:\application\apache-maven-3.6.3\repo\org\springframework\spring-core\5.3.9\spring-core-5.3.9.jar;D:\application\apache-maven-3.6.3\repo\org\springframework\spring-jcl\5.3.9\spring-jcl-5.3.9.jar;D:\application\apache-maven-3.6.3\repo\org\springframework\spring-test\5.3.9\spring-test-5.3.9.jar;D:\application\apache-maven-3.6.3\repo\org\xmlunit\xmlunit-core\2.8.2\xmlunit-core-2.8.2.jar;D:\application\apache-maven-3.6.3\repo\com\microsoft\ews-java-api\ews-java-api\2.0\ews-java-api-2.0.jar;D:\application\apache-maven-3.6.3\repo\org\apache\httpcomponents\httpclient\4.5.13\httpclient-4.5.13.jar;D:\application\apache-maven-3.6.3\repo\commons-codec\commons-codec\1.15\commons-codec-1.15.jar;D:\application\apache-maven-3.6.3\repo\org\apache\httpcomponents\httpcore\4.4.14\httpcore-4.4.14.jar;D:\application\apache-maven-3.6.3\repo\commons-logging\commons-logging\1.2\commons-logging-1.2.jar;D:\application\apache-maven-3.6.3\repo\org\apache\commons\commons-lang3\3.12.0\commons-lang3-3.12.0.jar;D:\application\apache-maven-3.6.3\repo\joda-time\joda-time\2.8\joda-time-2.8.jar;D:\application\apache-maven-3.6.3\repo\commons-fileupload\commons-fileupload\1.3.3\commons-fileupload-1.3.3.jar;D:\application\apache-maven-3.6.3\repo\commons-io\commons-io\2.2\commons-io-2.2.jar;D:\application\apache-maven-3.6.3\repo\com\vdurmont\emoji-java\4.0.0\emoji-java-4.0.0.jar;D:\application\apache-maven-3.6.3\repo\org\json\json\20170516\json-20170516.jar;D:\application\apache-maven-3.6.3\repo\javax\mail\mail\1.4.7\mail-1.4.7.jar;D:\application\apache-maven-3.6.3\repo\javax\activation\activation\1.1\activation-1.1.jar;C:\Users\EDZ\Desktop\mail-miqu\mail-common\target\mail-common-0.0.1-SNAPSHOT.jar;D:\application\apache-maven-3.6.3\repo\com\alibaba\fastjson\1.2.47\fastjson-1.2.47.jar;"/>
    <property name="java.vm.vendor" value="Oracle Corporation"/>
    <property name="sun.arch.data.model" value="64"/>
    <property name="user.variant" value=""/>
    <property name="java.vendor.url" value="http://java.oracle.com/"/>
    <property name="user.timezone" value="Asia/Shanghai"/>
    <property name="java.vm.specification.version" value="1.8"/>
    <property name="os.name" value="Windows 10"/>
    <property name="user.country" value="CN"/>
    <property name="sun.java.launcher" value="SUN_STANDARD"/>
    <property name="sun.boot.library.path" value="D:\application\Java\jdk1.8.0_261\jre\bin"/>
    <property name="sun.java.command" value="C:\Users\EDZ\AppData\Local\Temp\surefire4610724174479650651\surefirebooter8139786255697438930.jar C:\Users\EDZ\AppData\Local\Temp\surefire4610724174479650651 2021-10-15T14-11-51_910-jvmRun1 surefire6091868712841886498tmp surefire_05515865737335464072tmp"/>
    <property name="surefire.test.class.path" value="C:\Users\EDZ\Desktop\mail-miqu\mail-service\target\test-classes;C:\Users\EDZ\Desktop\mail-miqu\mail-service\target\classes;D:\application\apache-maven-3.6.3\repo\org\springframework\boot\spring-boot-starter-freemarker\2.5.4\spring-boot-starter-freemarker-2.5.4.jar;D:\application\apache-maven-3.6.3\repo\org\springframework\boot\spring-boot-starter\2.5.4\spring-boot-starter-2.5.4.jar;D:\application\apache-maven-3.6.3\repo\org\springframework\boot\spring-boot\2.5.4\spring-boot-2.5.4.jar;D:\application\apache-maven-3.6.3\repo\org\springframework\boot\spring-boot-starter-logging\2.5.4\spring-boot-starter-logging-2.5.4.jar;D:\application\apache-maven-3.6.3\repo\ch\qos\logback\logback-classic\1.2.5\logback-classic-1.2.5.jar;D:\application\apache-maven-3.6.3\repo\ch\qos\logback\logback-core\1.2.5\logback-core-1.2.5.jar;D:\application\apache-maven-3.6.3\repo\org\apache\logging\log4j\log4j-to-slf4j\2.14.1\log4j-to-slf4j-2.14.1.jar;D:\application\apache-maven-3.6.3\repo\org\slf4j\jul-to-slf4j\1.7.32\jul-to-slf4j-1.7.32.jar;D:\application\apache-maven-3.6.3\repo\jakarta\annotation\jakarta.annotation-api\1.3.5\jakarta.annotation-api-1.3.5.jar;D:\application\apache-maven-3.6.3\repo\org\yaml\snakeyaml\1.28\snakeyaml-1.28.jar;D:\application\apache-maven-3.6.3\repo\org\freemarker\freemarker\2.3.31\freemarker-2.3.31.jar;D:\application\apache-maven-3.6.3\repo\org\springframework\spring-context-support\5.3.9\spring-context-support-5.3.9.jar;D:\application\apache-maven-3.6.3\repo\org\springframework\spring-beans\5.3.9\spring-beans-5.3.9.jar;D:\application\apache-maven-3.6.3\repo\org\springframework\boot\spring-boot-starter-web\2.5.4\spring-boot-starter-web-2.5.4.jar;D:\application\apache-maven-3.6.3\repo\org\springframework\boot\spring-boot-starter-json\2.5.4\spring-boot-starter-json-2.5.4.jar;D:\application\apache-maven-3.6.3\repo\com\fasterxml\jackson\datatype\jackson-datatype-jdk8\2.12.4\jackson-datatype-jdk8-2.12.4.jar;D:\application\apache-maven-3.6.3\repo\com\fasterxml\jackson\datatype\jackson-datatype-jsr310\2.12.4\jackson-datatype-jsr310-2.12.4.jar;D:\application\apache-maven-3.6.3\repo\com\fasterxml\jackson\module\jackson-module-parameter-names\2.12.4\jackson-module-parameter-names-2.12.4.jar;D:\application\apache-maven-3.6.3\repo\org\springframework\boot\spring-boot-starter-tomcat\2.5.4\spring-boot-starter-tomcat-2.5.4.jar;D:\application\apache-maven-3.6.3\repo\org\apache\tomcat\embed\tomcat-embed-core\9.0.52\tomcat-embed-core-9.0.52.jar;D:\application\apache-maven-3.6.3\repo\org\apache\tomcat\embed\tomcat-embed-el\9.0.52\tomcat-embed-el-9.0.52.jar;D:\application\apache-maven-3.6.3\repo\org\apache\tomcat\embed\tomcat-embed-websocket\9.0.52\tomcat-embed-websocket-9.0.52.jar;D:\application\apache-maven-3.6.3\repo\org\springframework\spring-web\5.3.9\spring-web-5.3.9.jar;D:\application\apache-maven-3.6.3\repo\org\springframework\spring-webmvc\5.3.9\spring-webmvc-5.3.9.jar;D:\application\apache-maven-3.6.3\repo\org\springframework\spring-aop\5.3.9\spring-aop-5.3.9.jar;D:\application\apache-maven-3.6.3\repo\org\springframework\spring-expression\5.3.9\spring-expression-5.3.9.jar;D:\application\apache-maven-3.6.3\repo\org\springframework\boot\spring-boot-starter-jdbc\2.5.4\spring-boot-starter-jdbc-2.5.4.jar;D:\application\apache-maven-3.6.3\repo\com\zaxxer\HikariCP\4.0.3\HikariCP-4.0.3.jar;D:\application\apache-maven-3.6.3\repo\org\springframework\spring-jdbc\5.3.9\spring-jdbc-5.3.9.jar;D:\application\apache-maven-3.6.3\repo\mysql\mysql-connector-java\8.0.26\mysql-connector-java-8.0.26.jar;D:\application\apache-maven-3.6.3\repo\com\baomidou\mybatis-plus-boot-starter\3.0.6\mybatis-plus-boot-starter-3.0.6.jar;D:\application\apache-maven-3.6.3\repo\com\baomidou\mybatis-plus\3.0.6\mybatis-plus-3.0.6.jar;D:\application\apache-maven-3.6.3\repo\com\baomidou\mybatis-plus-extension\3.0.6\mybatis-plus-extension-3.0.6.jar;D:\application\apache-maven-3.6.3\repo\com\baomidou\mybatis-plus-core\3.0.6\mybatis-plus-core-3.0.6.jar;D:\application\apache-maven-3.6.3\repo\com\baomidou\mybatis-plus-annotation\3.0.6\mybatis-plus-annotation-3.0.6.jar;D:\application\apache-maven-3.6.3\repo\com\github\jsqlparser\jsqlparser\1.2\jsqlparser-1.2.jar;D:\application\apache-maven-3.6.3\repo\org\mybatis\mybatis-spring\1.3.2\mybatis-spring-1.3.2.jar;D:\application\apache-maven-3.6.3\repo\org\mybatis\mybatis\3.4.6\mybatis-3.4.6.jar;D:\application\apache-maven-3.6.3\repo\com\baomidou\mybatis-plus-generator\3.0.6\mybatis-plus-generator-3.0.6.jar;D:\application\apache-maven-3.6.3\repo\org\springframework\boot\spring-boot-autoconfigure\2.5.4\spring-boot-autoconfigure-2.5.4.jar;D:\application\apache-maven-3.6.3\repo\org\springframework\boot\spring-boot-configuration-processor\2.5.4\spring-boot-configuration-processor-2.5.4.jar;D:\application\apache-maven-3.6.3\repo\org\springframework\data\spring-data-elasticsearch\4.2.4\spring-data-elasticsearch-4.2.4.jar;D:\application\apache-maven-3.6.3\repo\org\springframework\spring-context\5.3.9\spring-context-5.3.9.jar;D:\application\apache-maven-3.6.3\repo\org\springframework\spring-tx\5.3.9\spring-tx-5.3.9.jar;D:\application\apache-maven-3.6.3\repo\org\springframework\data\spring-data-commons\2.5.4\spring-data-commons-2.5.4.jar;D:\application\apache-maven-3.6.3\repo\org\elasticsearch\client\transport\7.12.1\transport-7.12.1.jar;D:\application\apache-maven-3.6.3\repo\org\elasticsearch\elasticsearch\7.12.1\elasticsearch-7.12.1.jar;D:\application\apache-maven-3.6.3\repo\org\elasticsearch\elasticsearch-core\7.12.1\elasticsearch-core-7.12.1.jar;D:\application\apache-maven-3.6.3\repo\org\elasticsearch\elasticsearch-secure-sm\7.12.1\elasticsearch-secure-sm-7.12.1.jar;D:\application\apache-maven-3.6.3\repo\org\elasticsearch\elasticsearch-x-content\7.12.1\elasticsearch-x-content-7.12.1.jar;D:\application\apache-maven-3.6.3\repo\com\fasterxml\jackson\dataformat\jackson-dataformat-smile\2.12.4\jackson-dataformat-smile-2.12.4.jar;D:\application\apache-maven-3.6.3\repo\com\fasterxml\jackson\dataformat\jackson-dataformat-yaml\2.12.4\jackson-dataformat-yaml-2.12.4.jar;D:\application\apache-maven-3.6.3\repo\com\fasterxml\jackson\dataformat\jackson-dataformat-cbor\2.12.4\jackson-dataformat-cbor-2.12.4.jar;D:\application\apache-maven-3.6.3\repo\org\elasticsearch\elasticsearch-geo\7.12.1\elasticsearch-geo-7.12.1.jar;D:\application\apache-maven-3.6.3\repo\org\apache\lucene\lucene-core\8.8.0\lucene-core-8.8.0.jar;D:\application\apache-maven-3.6.3\repo\org\apache\lucene\lucene-analyzers-common\8.8.0\lucene-analyzers-common-8.8.0.jar;D:\application\apache-maven-3.6.3\repo\org\apache\lucene\lucene-backward-codecs\8.8.0\lucene-backward-codecs-8.8.0.jar;D:\application\apache-maven-3.6.3\repo\org\apache\lucene\lucene-grouping\8.8.0\lucene-grouping-8.8.0.jar;D:\application\apache-maven-3.6.3\repo\org\apache\lucene\lucene-highlighter\8.8.0\lucene-highlighter-8.8.0.jar;D:\application\apache-maven-3.6.3\repo\org\apache\lucene\lucene-join\8.8.0\lucene-join-8.8.0.jar;D:\application\apache-maven-3.6.3\repo\org\apache\lucene\lucene-memory\8.8.0\lucene-memory-8.8.0.jar;D:\application\apache-maven-3.6.3\repo\org\apache\lucene\lucene-misc\8.8.0\lucene-misc-8.8.0.jar;D:\application\apache-maven-3.6.3\repo\org\apache\lucene\lucene-queries\8.8.0\lucene-queries-8.8.0.jar;D:\application\apache-maven-3.6.3\repo\org\apache\lucene\lucene-queryparser\8.8.0\lucene-queryparser-8.8.0.jar;D:\application\apache-maven-3.6.3\repo\org\apache\lucene\lucene-sandbox\8.8.0\lucene-sandbox-8.8.0.jar;D:\application\apache-maven-3.6.3\repo\org\apache\lucene\lucene-spatial-extras\8.8.0\lucene-spatial-extras-8.8.0.jar;D:\application\apache-maven-3.6.3\repo\org\apache\lucene\lucene-spatial3d\8.8.0\lucene-spatial3d-8.8.0.jar;D:\application\apache-maven-3.6.3\repo\org\apache\lucene\lucene-suggest\8.8.0\lucene-suggest-8.8.0.jar;D:\application\apache-maven-3.6.3\repo\org\elasticsearch\elasticsearch-cli\7.12.1\elasticsearch-cli-7.12.1.jar;D:\application\apache-maven-3.6.3\repo\net\sf\jopt-simple\jopt-simple\5.0.2\jopt-simple-5.0.2.jar;D:\application\apache-maven-3.6.3\repo\com\carrotsearch\hppc\0.8.1\hppc-0.8.1.jar;D:\application\apache-maven-3.6.3\repo\com\tdunning\t-digest\3.2\t-digest-3.2.jar;D:\application\apache-maven-3.6.3\repo\org\hdrhistogram\HdrHistogram\2.1.9\HdrHistogram-2.1.9.jar;D:\application\apache-maven-3.6.3\repo\org\apache\logging\log4j\log4j-api\2.14.1\log4j-api-2.14.1.jar;D:\application\apache-maven-3.6.3\repo\org\elasticsearch\jna\5.7.0-1\jna-5.7.0-1.jar;D:\application\apache-maven-3.6.3\repo\org\elasticsearch\elasticsearch-plugin-classloader\7.12.1\elasticsearch-plugin-classloader-7.12.1.jar;D:\application\apache-maven-3.6.3\repo\org\elasticsearch\plugin\reindex-client\7.12.1\reindex-client-7.12.1.jar;D:\application\apache-maven-3.6.3\repo\org\elasticsearch\elasticsearch-ssl-config\7.12.1\elasticsearch-ssl-config-7.12.1.jar;D:\application\apache-maven-3.6.3\repo\org\elasticsearch\plugin\lang-mustache-client\7.12.1\lang-mustache-client-7.12.1.jar;D:\application\apache-maven-3.6.3\repo\com\github\spullara\mustache\java\compiler\0.9.6\compiler-0.9.6.jar;D:\application\apache-maven-3.6.3\repo\org\elasticsearch\plugin\percolator-client\7.12.1\percolator-client-7.12.1.jar;D:\application\apache-maven-3.6.3\repo\org\elasticsearch\plugin\parent-join-client\7.12.1\parent-join-client-7.12.1.jar;D:\application\apache-maven-3.6.3\repo\org\elasticsearch\plugin\rank-eval-client\7.12.1\rank-eval-client-7.12.1.jar;D:\application\apache-maven-3.6.3\repo\org\elasticsearch\plugin\transport-netty4-client\7.12.1\transport-netty4-client-7.12.1.jar;D:\application\apache-maven-3.6.3\repo\io\netty\netty-buffer\4.1.67.Final\netty-buffer-4.1.67.Final.jar;D:\application\apache-maven-3.6.3\repo\io\netty\netty-codec\4.1.67.Final\netty-codec-4.1.67.Final.jar;D:\application\apache-maven-3.6.3\repo\io\netty\netty-codec-http\4.1.67.Final\netty-codec-http-4.1.67.Final.jar;D:\application\apache-maven-3.6.3\repo\io\netty\netty-common\4.1.67.Final\netty-common-4.1.67.Final.jar;D:\application\apache-maven-3.6.3\repo\io\netty\netty-handler\4.1.67.Final\netty-handler-4.1.67.Final.jar;D:\application\apache-maven-3.6.3\repo\io\netty\netty-resolver\4.1.67.Final\netty-resolver-4.1.67.Final.jar;D:\application\apache-maven-3.6.3\repo\io\netty\netty-transport\4.1.67.Final\netty-transport-4.1.67.Final.jar;D:\application\apache-maven-3.6.3\repo\org\elasticsearch\client\elasticsearch-rest-high-level-client\7.12.1\elasticsearch-rest-high-level-client-7.12.1.jar;D:\application\apache-maven-3.6.3\repo\org\elasticsearch\client\elasticsearch-rest-client\7.12.1\elasticsearch-rest-client-7.12.1.jar;D:\application\apache-maven-3.6.3\repo\org\apache\httpcomponents\httpasyncclient\4.1.4\httpasyncclient-4.1.4.jar;D:\application\apache-maven-3.6.3\repo\org\apache\httpcomponents\httpcore-nio\4.4.14\httpcore-nio-4.4.14.jar;D:\application\apache-maven-3.6.3\repo\org\elasticsearch\plugin\mapper-extras-client\7.12.1\mapper-extras-client-7.12.1.jar;D:\application\apache-maven-3.6.3\repo\org\elasticsearch\plugin\aggs-matrix-stats-client\7.12.1\aggs-matrix-stats-client-7.12.1.jar;D:\application\apache-maven-3.6.3\repo\com\fasterxml\jackson\core\jackson-core\2.12.4\jackson-core-2.12.4.jar;D:\application\apache-maven-3.6.3\repo\com\fasterxml\jackson\core\jackson-databind\2.12.4\jackson-databind-2.12.4.jar;D:\application\apache-maven-3.6.3\repo\com\fasterxml\jackson\core\jackson-annotations\2.12.4\jackson-annotations-2.12.4.jar;D:\application\apache-maven-3.6.3\repo\org\slf4j\slf4j-api\1.7.32\slf4j-api-1.7.32.jar;D:\application\apache-maven-3.6.3\repo\org\projectlombok\lombok\1.18.20\lombok-1.18.20.jar;D:\application\apache-maven-3.6.3\repo\javax\validation\validation-api\2.0.1.Final\validation-api-2.0.1.Final.jar;D:\application\apache-maven-3.6.3\repo\org\springframework\boot\spring-boot-starter-test\2.5.4\spring-boot-starter-test-2.5.4.jar;D:\application\apache-maven-3.6.3\repo\org\springframework\boot\spring-boot-test\2.5.4\spring-boot-test-2.5.4.jar;D:\application\apache-maven-3.6.3\repo\org\springframework\boot\spring-boot-test-autoconfigure\2.5.4\spring-boot-test-autoconfigure-2.5.4.jar;D:\application\apache-maven-3.6.3\repo\com\jayway\jsonpath\json-path\2.5.0\json-path-2.5.0.jar;D:\application\apache-maven-3.6.3\repo\net\minidev\json-smart\2.4.7\json-smart-2.4.7.jar;D:\application\apache-maven-3.6.3\repo\net\minidev\accessors-smart\2.4.7\accessors-smart-2.4.7.jar;D:\application\apache-maven-3.6.3\repo\org\ow2\asm\asm\9.1\asm-9.1.jar;D:\application\apache-maven-3.6.3\repo\jakarta\xml\bind\jakarta.xml.bind-api\2.3.3\jakarta.xml.bind-api-2.3.3.jar;D:\application\apache-maven-3.6.3\repo\jakarta\activation\jakarta.activation-api\1.2.2\jakarta.activation-api-1.2.2.jar;D:\application\apache-maven-3.6.3\repo\org\assertj\assertj-core\3.19.0\assertj-core-3.19.0.jar;D:\application\apache-maven-3.6.3\repo\org\hamcrest\hamcrest\2.2\hamcrest-2.2.jar;D:\application\apache-maven-3.6.3\repo\org\junit\jupiter\junit-jupiter\5.7.2\junit-jupiter-5.7.2.jar;D:\application\apache-maven-3.6.3\repo\org\junit\jupiter\junit-jupiter-api\5.7.2\junit-jupiter-api-5.7.2.jar;D:\application\apache-maven-3.6.3\repo\org\apiguardian\apiguardian-api\1.1.0\apiguardian-api-1.1.0.jar;D:\application\apache-maven-3.6.3\repo\org\opentest4j\opentest4j\1.2.0\opentest4j-1.2.0.jar;D:\application\apache-maven-3.6.3\repo\org\junit\platform\junit-platform-commons\1.7.2\junit-platform-commons-1.7.2.jar;D:\application\apache-maven-3.6.3\repo\org\junit\jupiter\junit-jupiter-params\5.7.2\junit-jupiter-params-5.7.2.jar;D:\application\apache-maven-3.6.3\repo\org\junit\jupiter\junit-jupiter-engine\5.7.2\junit-jupiter-engine-5.7.2.jar;D:\application\apache-maven-3.6.3\repo\org\junit\platform\junit-platform-engine\1.7.2\junit-platform-engine-1.7.2.jar;D:\application\apache-maven-3.6.3\repo\org\mockito\mockito-core\3.9.0\mockito-core-3.9.0.jar;D:\application\apache-maven-3.6.3\repo\net\bytebuddy\byte-buddy\1.10.22\byte-buddy-1.10.22.jar;D:\application\apache-maven-3.6.3\repo\net\bytebuddy\byte-buddy-agent\1.10.22\byte-buddy-agent-1.10.22.jar;D:\application\apache-maven-3.6.3\repo\org\objenesis\objenesis\3.2\objenesis-3.2.jar;D:\application\apache-maven-3.6.3\repo\org\mockito\mockito-junit-jupiter\3.9.0\mockito-junit-jupiter-3.9.0.jar;D:\application\apache-maven-3.6.3\repo\org\skyscreamer\jsonassert\1.5.0\jsonassert-1.5.0.jar;D:\application\apache-maven-3.6.3\repo\com\vaadin\external\google\android-json\0.0.20131108.vaadin1\android-json-0.0.20131108.vaadin1.jar;D:\application\apache-maven-3.6.3\repo\org\springframework\spring-core\5.3.9\spring-core-5.3.9.jar;D:\application\apache-maven-3.6.3\repo\org\springframework\spring-jcl\5.3.9\spring-jcl-5.3.9.jar;D:\application\apache-maven-3.6.3\repo\org\springframework\spring-test\5.3.9\spring-test-5.3.9.jar;D:\application\apache-maven-3.6.3\repo\org\xmlunit\xmlunit-core\2.8.2\xmlunit-core-2.8.2.jar;D:\application\apache-maven-3.6.3\repo\com\microsoft\ews-java-api\ews-java-api\2.0\ews-java-api-2.0.jar;D:\application\apache-maven-3.6.3\repo\org\apache\httpcomponents\httpclient\4.5.13\httpclient-4.5.13.jar;D:\application\apache-maven-3.6.3\repo\commons-codec\commons-codec\1.15\commons-codec-1.15.jar;D:\application\apache-maven-3.6.3\repo\org\apache\httpcomponents\httpcore\4.4.14\httpcore-4.4.14.jar;D:\application\apache-maven-3.6.3\repo\commons-logging\commons-logging\1.2\commons-logging-1.2.jar;D:\application\apache-maven-3.6.3\repo\org\apache\commons\commons-lang3\3.12.0\commons-lang3-3.12.0.jar;D:\application\apache-maven-3.6.3\repo\joda-time\joda-time\2.8\joda-time-2.8.jar;D:\application\apache-maven-3.6.3\repo\commons-fileupload\commons-fileupload\1.3.3\commons-fileupload-1.3.3.jar;D:\application\apache-maven-3.6.3\repo\commons-io\commons-io\2.2\commons-io-2.2.jar;D:\application\apache-maven-3.6.3\repo\com\vdurmont\emoji-java\4.0.0\emoji-java-4.0.0.jar;D:\application\apache-maven-3.6.3\repo\org\json\json\20170516\json-20170516.jar;D:\application\apache-maven-3.6.3\repo\javax\mail\mail\1.4.7\mail-1.4.7.jar;D:\application\apache-maven-3.6.3\repo\javax\activation\activation\1.1\activation-1.1.jar;C:\Users\EDZ\Desktop\mail-miqu\mail-common\target\mail-common-0.0.1-SNAPSHOT.jar;D:\application\apache-maven-3.6.3\repo\com\alibaba\fastjson\1.2.47\fastjson-1.2.47.jar;"/>
    <property name="sun.cpu.endian" value="little"/>
    <property name="user.home" value="C:\Users\EDZ"/>
    <property name="user.language" value="zh"/>
    <property name="java.specification.vendor" value="Oracle Corporation"/>
    <property name="java.home" value="D:\application\Java\jdk1.8.0_261\jre"/>
    <property name="basedir" value="C:\Users\EDZ\Desktop\mail-miqu\mail-service"/>
    <property name="file.separator" value="\"/>
    <property name="line.separator" value="&#10;"/>
    <property name="java.vm.specification.vendor" value="Oracle Corporation"/>
    <property name="java.specification.name" value="Java Platform API Specification"/>
    <property name="java.awt.graphicsenv" value="sun.awt.Win32GraphicsEnvironment"/>
    <property name="surefire.real.class.path" value="C:\Users\EDZ\AppData\Local\Temp\surefire4610724174479650651\surefirebooter8139786255697438930.jar"/>
    <property name="sun.boot.class.path" value="D:\application\Java\jdk1.8.0_261\jre\lib\resources.jar;D:\application\Java\jdk1.8.0_261\jre\lib\rt.jar;D:\application\Java\jdk1.8.0_261\jre\lib\sunrsasign.jar;D:\application\Java\jdk1.8.0_261\jre\lib\jsse.jar;D:\application\Java\jdk1.8.0_261\jre\lib\jce.jar;D:\application\Java\jdk1.8.0_261\jre\lib\charsets.jar;D:\application\Java\jdk1.8.0_261\jre\lib\jfr.jar;D:\application\Java\jdk1.8.0_261\jre\classes"/>
    <property name="user.script" value=""/>
    <property name="sun.management.compiler" value="HotSpot 64-Bit Tiered Compilers"/>
    <property name="java.runtime.version" value="1.8.0_261-b12"/>
    <property name="user.name" value="EDZ"/>
    <property name="path.separator" value=";"/>
    <property name="os.version" value="10.0"/>
    <property name="java.endorsed.dirs" value="D:\application\Java\jdk1.8.0_261\jre\lib\endorsed"/>
    <property name="java.runtime.name" value="Java(TM) SE Runtime Environment"/>
    <property name="file.encoding" value="GBK"/>
    <property name="java.vm.name" value="Java HotSpot(TM) 64-Bit Server VM"/>
    <property name="localRepository" value="D:\application\apache-maven-3.6.3\repo"/>
    <property name="java.vendor.url.bug" value="http://bugreport.sun.com/bugreport/"/>
    <property name="java.io.tmpdir" value="C:\Users\EDZ\AppData\Local\Temp\"/>
    <property name="idea.version" value="2020.2.2"/>
    <property name="java.version" value="1.8.0_261"/>
    <property name="user.dir" value="C:\Users\EDZ\Desktop\mail-miqu\mail-service"/>
    <property name="os.arch" value="amd64"/>
    <property name="java.vm.specification.name" value="Java Virtual Machine Specification"/>
    <property name="java.awt.printerjob" value="sun.awt.windows.WPrinterJob"/>
    <property name="sun.os.patch.level" value=""/>
    <property name="java.library.path" value="D:\application\Java\jdk1.8.0_261\jre\bin;C:\WINDOWS\Sun\Java\bin;C:\WINDOWS\system32;C:\WINDOWS;C:\Program Files (x86)\NetSarang\Xshell 6\;C:\Program Files (x86)\Intel\Intel(R) Management Engine Components\iCLS\;C:\Program Files\Intel\Intel(R) Management Engine Components\iCLS\;C:\WINDOWS\system32;C:\WINDOWS;C:\WINDOWS\System32\Wbem;C:\WINDOWS\System32\WindowsPowerShell\v1.0\;C:\WINDOWS\System32\OpenSSH\;C:\Program Files (x86)\Intel\Intel(R) Management Engine Components\DAL;C:\Program Files\Intel\Intel(R) Management Engine Components\DAL;D:\application\Git\cmd;D:\application\Java\jdk1.8.0_261\bin;C:\qStart;D:\application\apache-maven-3.6.3\bin;C:\Program Files\TortoiseSVN\bin;C:\Program Files\PuTTY\;C:\Program Files\MySQL\MySQL Utilities 1.6\;C:\Program Files\MySQL\MySQL Server 5.7\bin;C:\Users\EDZ\AppData\Local\Microsoft\WindowsApps;D:\application\Bandizip\;D:\application\JetBrains\IntelliJ IDEA 2020.1\bin;;."/>
    <property name="java.vm.info" value="mixed mode"/>
    <property name="java.vendor" value="Oracle Corporation"/>
    <property name="java.vm.version" value="25.261-b12"/>
    <property name="java.ext.dirs" value="D:\application\Java\jdk1.8.0_261\jre\lib\ext;C:\WINDOWS\Sun\Java\lib\ext"/>
    <property name="sun.io.unicode.encoding" value="UnicodeLittle"/>
    <property name="maven.repo.local" value="D:\application\apache-maven-3.6.3\repo"/>
    <property name="java.class.version" value="52.0"/>
  </properties>
  <testcase name="contextLoads" classname="com.islet.MailServiceApplicationTests" time="0.237"/>
</testsuite>