<?xml version="1.0" encoding="UTF-8"?>
<testsuite xmlns:xsi="http://www.w3.org/2001/XMLSchema-instance" xsi:noNamespaceSchemaLocation="https://maven.apache.org/surefire/maven-surefire-plugin/xsd/surefire-test-report.xsd" name="com.islet.MailServiceApplicationTests" time="2.285" tests="1" errors="1" skipped="0" failures="0">
  <properties>
    <property name="sun.desktop" value="windows"/>
    <property name="awt.toolkit" value="sun.awt.windows.WToolkit"/>
    <property name="file.encoding.pkg" value="sun.io"/>
    <property name="java.specification.version" value="1.8"/>
    <property name="sun.cpu.isalist" value="amd64"/>
    <property name="sun.jnu.encoding" value="GBK"/>
    <property name="java.class.path" value="C:\Users\EDZ\Desktop\mail-miqu\mail-service\target\test-classes;C:\Users\EDZ\Desktop\mail-miqu\mail-service\target\classes;D:\application\apache-maven-3.6.3\repo\org\springframework\boot\spring-boot-starter-jdbc\2.5.4\spring-boot-starter-jdbc-2.5.4.jar;D:\application\apache-maven-3.6.3\repo\org\springframework\boot\spring-boot-starter\2.5.4\spring-boot-starter-2.5.4.jar;D:\application\apache-maven-3.6.3\repo\org\springframework\boot\spring-boot\2.5.4\spring-boot-2.5.4.jar;D:\application\apache-maven-3.6.3\repo\org\springframework\boot\spring-boot-starter-logging\2.5.4\spring-boot-starter-logging-2.5.4.jar;D:\application\apache-maven-3.6.3\repo\ch\qos\logback\logback-classic\1.2.5\logback-classic-1.2.5.jar;D:\application\apache-maven-3.6.3\repo\ch\qos\logback\logback-core\1.2.5\logback-core-1.2.5.jar;D:\application\apache-maven-3.6.3\repo\org\apache\logging\log4j\log4j-to-slf4j\2.14.1\log4j-to-slf4j-2.14.1.jar;D:\application\apache-maven-3.6.3\repo\org\apache\logging\log4j\log4j-api\2.14.1\log4j-api-2.14.1.jar;D:\application\apache-maven-3.6.3\repo\org\slf4j\jul-to-slf4j\1.7.32\jul-to-slf4j-1.7.32.jar;D:\application\apache-maven-3.6.3\repo\jakarta\annotation\jakarta.annotation-api\1.3.5\jakarta.annotation-api-1.3.5.jar;D:\application\apache-maven-3.6.3\repo\org\yaml\snakeyaml\1.28\snakeyaml-1.28.jar;D:\application\apache-maven-3.6.3\repo\com\zaxxer\HikariCP\4.0.3\HikariCP-4.0.3.jar;D:\application\apache-maven-3.6.3\repo\org\slf4j\slf4j-api\1.7.32\slf4j-api-1.7.32.jar;D:\application\apache-maven-3.6.3\repo\org\springframework\spring-jdbc\5.3.9\spring-jdbc-5.3.9.jar;D:\application\apache-maven-3.6.3\repo\org\springframework\spring-beans\5.3.9\spring-beans-5.3.9.jar;D:\application\apache-maven-3.6.3\repo\org\springframework\spring-tx\5.3.9\spring-tx-5.3.9.jar;D:\application\apache-maven-3.6.3\repo\org\springframework\boot\spring-boot-starter-web\2.5.4\spring-boot-starter-web-2.5.4.jar;D:\application\apache-maven-3.6.3\repo\org\springframework\boot\spring-boot-starter-json\2.5.4\spring-boot-starter-json-2.5.4.jar;D:\application\apache-maven-3.6.3\repo\com\fasterxml\jackson\core\jackson-databind\2.12.4\jackson-databind-2.12.4.jar;D:\application\apache-maven-3.6.3\repo\com\fasterxml\jackson\core\jackson-annotations\2.12.4\jackson-annotations-2.12.4.jar;D:\application\apache-maven-3.6.3\repo\com\fasterxml\jackson\core\jackson-core\2.12.4\jackson-core-2.12.4.jar;D:\application\apache-maven-3.6.3\repo\com\fasterxml\jackson\datatype\jackson-datatype-jdk8\2.12.4\jackson-datatype-jdk8-2.12.4.jar;D:\application\apache-maven-3.6.3\repo\com\fasterxml\jackson\datatype\jackson-datatype-jsr310\2.12.4\jackson-datatype-jsr310-2.12.4.jar;D:\application\apache-maven-3.6.3\repo\com\fasterxml\jackson\module\jackson-module-parameter-names\2.12.4\jackson-module-parameter-names-2.12.4.jar;D:\application\apache-maven-3.6.3\repo\org\springframework\boot\spring-boot-starter-tomcat\2.5.4\spring-boot-starter-tomcat-2.5.4.jar;D:\application\apache-maven-3.6.3\repo\org\apache\tomcat\embed\tomcat-embed-core\9.0.52\tomcat-embed-core-9.0.52.jar;D:\application\apache-maven-3.6.3\repo\org\apache\tomcat\embed\tomcat-embed-el\9.0.52\tomcat-embed-el-9.0.52.jar;D:\application\apache-maven-3.6.3\repo\org\apache\tomcat\embed\tomcat-embed-websocket\9.0.52\tomcat-embed-websocket-9.0.52.jar;D:\application\apache-maven-3.6.3\repo\org\springframework\spring-web\5.3.9\spring-web-5.3.9.jar;D:\application\apache-maven-3.6.3\repo\org\springframework\spring-webmvc\5.3.9\spring-webmvc-5.3.9.jar;D:\application\apache-maven-3.6.3\repo\org\springframework\spring-aop\5.3.9\spring-aop-5.3.9.jar;D:\application\apache-maven-3.6.3\repo\org\springframework\spring-context\5.3.9\spring-context-5.3.9.jar;D:\application\apache-maven-3.6.3\repo\org\springframework\spring-expression\5.3.9\spring-expression-5.3.9.jar;D:\application\apache-maven-3.6.3\repo\mysql\mysql-connector-java\8.0.26\mysql-connector-java-8.0.26.jar;D:\application\apache-maven-3.6.3\repo\com\baomidou\mybatis-plus-boot-starter\3.0.6\mybatis-plus-boot-starter-3.0.6.jar;D:\application\apache-maven-3.6.3\repo\com\baomidou\mybatis-plus\3.0.6\mybatis-plus-3.0.6.jar;D:\application\apache-maven-3.6.3\repo\com\baomidou\mybatis-plus-extension\3.0.6\mybatis-plus-extension-3.0.6.jar;D:\application\apache-maven-3.6.3\repo\com\baomidou\mybatis-plus-core\3.0.6\mybatis-plus-core-3.0.6.jar;D:\application\apache-maven-3.6.3\repo\com\baomidou\mybatis-plus-annotation\3.0.6\mybatis-plus-annotation-3.0.6.jar;D:\application\apache-maven-3.6.3\repo\com\github\jsqlparser\jsqlparser\1.2\jsqlparser-1.2.jar;D:\application\apache-maven-3.6.3\repo\org\mybatis\mybatis-spring\1.3.2\mybatis-spring-1.3.2.jar;D:\application\apache-maven-3.6.3\repo\org\mybatis\mybatis\3.4.6\mybatis-3.4.6.jar;D:\application\apache-maven-3.6.3\repo\com\baomidou\mybatis-plus-generator\3.0.6\mybatis-plus-generator-3.0.6.jar;D:\application\apache-maven-3.6.3\repo\org\springframework\boot\spring-boot-autoconfigure\2.5.4\spring-boot-autoconfigure-2.5.4.jar;D:\application\apache-maven-3.6.3\repo\org\springframework\boot\spring-boot-configuration-processor\2.5.4\spring-boot-configuration-processor-2.5.4.jar;D:\application\apache-maven-3.6.3\repo\org\projectlombok\lombok\1.18.20\lombok-1.18.20.jar;D:\application\apache-maven-3.6.3\repo\org\springframework\boot\spring-boot-starter-test\2.5.4\spring-boot-starter-test-2.5.4.jar;D:\application\apache-maven-3.6.3\repo\org\springframework\boot\spring-boot-test\2.5.4\spring-boot-test-2.5.4.jar;D:\application\apache-maven-3.6.3\repo\org\springframework\boot\spring-boot-test-autoconfigure\2.5.4\spring-boot-test-autoconfigure-2.5.4.jar;D:\application\apache-maven-3.6.3\repo\com\jayway\jsonpath\json-path\2.5.0\json-path-2.5.0.jar;D:\application\apache-maven-3.6.3\repo\net\minidev\json-smart\2.4.7\json-smart-2.4.7.jar;D:\application\apache-maven-3.6.3\repo\net\minidev\accessors-smart\2.4.7\accessors-smart-2.4.7.jar;D:\application\apache-maven-3.6.3\repo\org\ow2\asm\asm\9.1\asm-9.1.jar;D:\application\apache-maven-3.6.3\repo\jakarta\xml\bind\jakarta.xml.bind-api\2.3.3\jakarta.xml.bind-api-2.3.3.jar;D:\application\apache-maven-3.6.3\repo\jakarta\activation\jakarta.activation-api\1.2.2\jakarta.activation-api-1.2.2.jar;D:\application\apache-maven-3.6.3\repo\org\assertj\assertj-core\3.19.0\assertj-core-3.19.0.jar;D:\application\apache-maven-3.6.3\repo\org\hamcrest\hamcrest\2.2\hamcrest-2.2.jar;D:\application\apache-maven-3.6.3\repo\org\junit\jupiter\junit-jupiter\5.7.2\junit-jupiter-5.7.2.jar;D:\application\apache-maven-3.6.3\repo\org\junit\jupiter\junit-jupiter-api\5.7.2\junit-jupiter-api-5.7.2.jar;D:\application\apache-maven-3.6.3\repo\org\apiguardian\apiguardian-api\1.1.0\apiguardian-api-1.1.0.jar;D:\application\apache-maven-3.6.3\repo\org\opentest4j\opentest4j\1.2.0\opentest4j-1.2.0.jar;D:\application\apache-maven-3.6.3\repo\org\junit\platform\junit-platform-commons\1.7.2\junit-platform-commons-1.7.2.jar;D:\application\apache-maven-3.6.3\repo\org\junit\jupiter\junit-jupiter-params\5.7.2\junit-jupiter-params-5.7.2.jar;D:\application\apache-maven-3.6.3\repo\org\junit\jupiter\junit-jupiter-engine\5.7.2\junit-jupiter-engine-5.7.2.jar;D:\application\apache-maven-3.6.3\repo\org\junit\platform\junit-platform-engine\1.7.2\junit-platform-engine-1.7.2.jar;D:\application\apache-maven-3.6.3\repo\org\mockito\mockito-core\3.9.0\mockito-core-3.9.0.jar;D:\application\apache-maven-3.6.3\repo\net\bytebuddy\byte-buddy\1.10.22\byte-buddy-1.10.22.jar;D:\application\apache-maven-3.6.3\repo\net\bytebuddy\byte-buddy-agent\1.10.22\byte-buddy-agent-1.10.22.jar;D:\application\apache-maven-3.6.3\repo\org\objenesis\objenesis\3.2\objenesis-3.2.jar;D:\application\apache-maven-3.6.3\repo\org\mockito\mockito-junit-jupiter\3.9.0\mockito-junit-jupiter-3.9.0.jar;D:\application\apache-maven-3.6.3\repo\org\skyscreamer\jsonassert\1.5.0\jsonassert-1.5.0.jar;D:\application\apache-maven-3.6.3\repo\com\vaadin\external\google\android-json\0.0.20131108.vaadin1\android-json-0.0.20131108.vaadin1.jar;D:\application\apache-maven-3.6.3\repo\org\springframework\spring-core\5.3.9\spring-core-5.3.9.jar;D:\application\apache-maven-3.6.3\repo\org\springframework\spring-jcl\5.3.9\spring-jcl-5.3.9.jar;D:\application\apache-maven-3.6.3\repo\org\springframework\spring-test\5.3.9\spring-test-5.3.9.jar;D:\application\apache-maven-3.6.3\repo\org\xmlunit\xmlunit-core\2.8.2\xmlunit-core-2.8.2.jar;"/>
    <property name="java.vm.vendor" value="Oracle Corporation"/>
    <property name="sun.arch.data.model" value="64"/>
    <property name="user.variant" value=""/>
    <property name="java.vendor.url" value="http://java.oracle.com/"/>
    <property name="user.timezone" value="Asia/Shanghai"/>
    <property name="java.vm.specification.version" value="1.8"/>
    <property name="os.name" value="Windows 10"/>
    <property name="user.country" value="CN"/>
    <property name="sun.java.launcher" value="SUN_STANDARD"/>
    <property name="sun.boot.library.path" value="D:\application\Java\jdk1.8.0_261\jre\bin"/>
    <property name="sun.java.command" value="C:\Users\EDZ\AppData\Local\Temp\surefire5261643718528405519\surefirebooter8951911755748980175.jar C:\Users\EDZ\AppData\Local\Temp\surefire5261643718528405519 2021-09-18T14-41-24_370-jvmRun1 surefire1637987639312058668tmp surefire_02077291578743027455tmp"/>
    <property name="surefire.test.class.path" value="C:\Users\EDZ\Desktop\mail-miqu\mail-service\target\test-classes;C:\Users\EDZ\Desktop\mail-miqu\mail-service\target\classes;D:\application\apache-maven-3.6.3\repo\org\springframework\boot\spring-boot-starter-jdbc\2.5.4\spring-boot-starter-jdbc-2.5.4.jar;D:\application\apache-maven-3.6.3\repo\org\springframework\boot\spring-boot-starter\2.5.4\spring-boot-starter-2.5.4.jar;D:\application\apache-maven-3.6.3\repo\org\springframework\boot\spring-boot\2.5.4\spring-boot-2.5.4.jar;D:\application\apache-maven-3.6.3\repo\org\springframework\boot\spring-boot-starter-logging\2.5.4\spring-boot-starter-logging-2.5.4.jar;D:\application\apache-maven-3.6.3\repo\ch\qos\logback\logback-classic\1.2.5\logback-classic-1.2.5.jar;D:\application\apache-maven-3.6.3\repo\ch\qos\logback\logback-core\1.2.5\logback-core-1.2.5.jar;D:\application\apache-maven-3.6.3\repo\org\apache\logging\log4j\log4j-to-slf4j\2.14.1\log4j-to-slf4j-2.14.1.jar;D:\application\apache-maven-3.6.3\repo\org\apache\logging\log4j\log4j-api\2.14.1\log4j-api-2.14.1.jar;D:\application\apache-maven-3.6.3\repo\org\slf4j\jul-to-slf4j\1.7.32\jul-to-slf4j-1.7.32.jar;D:\application\apache-maven-3.6.3\repo\jakarta\annotation\jakarta.annotation-api\1.3.5\jakarta.annotation-api-1.3.5.jar;D:\application\apache-maven-3.6.3\repo\org\yaml\snakeyaml\1.28\snakeyaml-1.28.jar;D:\application\apache-maven-3.6.3\repo\com\zaxxer\HikariCP\4.0.3\HikariCP-4.0.3.jar;D:\application\apache-maven-3.6.3\repo\org\slf4j\slf4j-api\1.7.32\slf4j-api-1.7.32.jar;D:\application\apache-maven-3.6.3\repo\org\springframework\spring-jdbc\5.3.9\spring-jdbc-5.3.9.jar;D:\application\apache-maven-3.6.3\repo\org\springframework\spring-beans\5.3.9\spring-beans-5.3.9.jar;D:\application\apache-maven-3.6.3\repo\org\springframework\spring-tx\5.3.9\spring-tx-5.3.9.jar;D:\application\apache-maven-3.6.3\repo\org\springframework\boot\spring-boot-starter-web\2.5.4\spring-boot-starter-web-2.5.4.jar;D:\application\apache-maven-3.6.3\repo\org\springframework\boot\spring-boot-starter-json\2.5.4\spring-boot-starter-json-2.5.4.jar;D:\application\apache-maven-3.6.3\repo\com\fasterxml\jackson\core\jackson-databind\2.12.4\jackson-databind-2.12.4.jar;D:\application\apache-maven-3.6.3\repo\com\fasterxml\jackson\core\jackson-annotations\2.12.4\jackson-annotations-2.12.4.jar;D:\application\apache-maven-3.6.3\repo\com\fasterxml\jackson\core\jackson-core\2.12.4\jackson-core-2.12.4.jar;D:\application\apache-maven-3.6.3\repo\com\fasterxml\jackson\datatype\jackson-datatype-jdk8\2.12.4\jackson-datatype-jdk8-2.12.4.jar;D:\application\apache-maven-3.6.3\repo\com\fasterxml\jackson\datatype\jackson-datatype-jsr310\2.12.4\jackson-datatype-jsr310-2.12.4.jar;D:\application\apache-maven-3.6.3\repo\com\fasterxml\jackson\module\jackson-module-parameter-names\2.12.4\jackson-module-parameter-names-2.12.4.jar;D:\application\apache-maven-3.6.3\repo\org\springframework\boot\spring-boot-starter-tomcat\2.5.4\spring-boot-starter-tomcat-2.5.4.jar;D:\application\apache-maven-3.6.3\repo\org\apache\tomcat\embed\tomcat-embed-core\9.0.52\tomcat-embed-core-9.0.52.jar;D:\application\apache-maven-3.6.3\repo\org\apache\tomcat\embed\tomcat-embed-el\9.0.52\tomcat-embed-el-9.0.52.jar;D:\application\apache-maven-3.6.3\repo\org\apache\tomcat\embed\tomcat-embed-websocket\9.0.52\tomcat-embed-websocket-9.0.52.jar;D:\application\apache-maven-3.6.3\repo\org\springframework\spring-web\5.3.9\spring-web-5.3.9.jar;D:\application\apache-maven-3.6.3\repo\org\springframework\spring-webmvc\5.3.9\spring-webmvc-5.3.9.jar;D:\application\apache-maven-3.6.3\repo\org\springframework\spring-aop\5.3.9\spring-aop-5.3.9.jar;D:\application\apache-maven-3.6.3\repo\org\springframework\spring-context\5.3.9\spring-context-5.3.9.jar;D:\application\apache-maven-3.6.3\repo\org\springframework\spring-expression\5.3.9\spring-expression-5.3.9.jar;D:\application\apache-maven-3.6.3\repo\mysql\mysql-connector-java\8.0.26\mysql-connector-java-8.0.26.jar;D:\application\apache-maven-3.6.3\repo\com\baomidou\mybatis-plus-boot-starter\3.0.6\mybatis-plus-boot-starter-3.0.6.jar;D:\application\apache-maven-3.6.3\repo\com\baomidou\mybatis-plus\3.0.6\mybatis-plus-3.0.6.jar;D:\application\apache-maven-3.6.3\repo\com\baomidou\mybatis-plus-extension\3.0.6\mybatis-plus-extension-3.0.6.jar;D:\application\apache-maven-3.6.3\repo\com\baomidou\mybatis-plus-core\3.0.6\mybatis-plus-core-3.0.6.jar;D:\application\apache-maven-3.6.3\repo\com\baomidou\mybatis-plus-annotation\3.0.6\mybatis-plus-annotation-3.0.6.jar;D:\application\apache-maven-3.6.3\repo\com\github\jsqlparser\jsqlparser\1.2\jsqlparser-1.2.jar;D:\application\apache-maven-3.6.3\repo\org\mybatis\mybatis-spring\1.3.2\mybatis-spring-1.3.2.jar;D:\application\apache-maven-3.6.3\repo\org\mybatis\mybatis\3.4.6\mybatis-3.4.6.jar;D:\application\apache-maven-3.6.3\repo\com\baomidou\mybatis-plus-generator\3.0.6\mybatis-plus-generator-3.0.6.jar;D:\application\apache-maven-3.6.3\repo\org\springframework\boot\spring-boot-autoconfigure\2.5.4\spring-boot-autoconfigure-2.5.4.jar;D:\application\apache-maven-3.6.3\repo\org\springframework\boot\spring-boot-configuration-processor\2.5.4\spring-boot-configuration-processor-2.5.4.jar;D:\application\apache-maven-3.6.3\repo\org\projectlombok\lombok\1.18.20\lombok-1.18.20.jar;D:\application\apache-maven-3.6.3\repo\org\springframework\boot\spring-boot-starter-test\2.5.4\spring-boot-starter-test-2.5.4.jar;D:\application\apache-maven-3.6.3\repo\org\springframework\boot\spring-boot-test\2.5.4\spring-boot-test-2.5.4.jar;D:\application\apache-maven-3.6.3\repo\org\springframework\boot\spring-boot-test-autoconfigure\2.5.4\spring-boot-test-autoconfigure-2.5.4.jar;D:\application\apache-maven-3.6.3\repo\com\jayway\jsonpath\json-path\2.5.0\json-path-2.5.0.jar;D:\application\apache-maven-3.6.3\repo\net\minidev\json-smart\2.4.7\json-smart-2.4.7.jar;D:\application\apache-maven-3.6.3\repo\net\minidev\accessors-smart\2.4.7\accessors-smart-2.4.7.jar;D:\application\apache-maven-3.6.3\repo\org\ow2\asm\asm\9.1\asm-9.1.jar;D:\application\apache-maven-3.6.3\repo\jakarta\xml\bind\jakarta.xml.bind-api\2.3.3\jakarta.xml.bind-api-2.3.3.jar;D:\application\apache-maven-3.6.3\repo\jakarta\activation\jakarta.activation-api\1.2.2\jakarta.activation-api-1.2.2.jar;D:\application\apache-maven-3.6.3\repo\org\assertj\assertj-core\3.19.0\assertj-core-3.19.0.jar;D:\application\apache-maven-3.6.3\repo\org\hamcrest\hamcrest\2.2\hamcrest-2.2.jar;D:\application\apache-maven-3.6.3\repo\org\junit\jupiter\junit-jupiter\5.7.2\junit-jupiter-5.7.2.jar;D:\application\apache-maven-3.6.3\repo\org\junit\jupiter\junit-jupiter-api\5.7.2\junit-jupiter-api-5.7.2.jar;D:\application\apache-maven-3.6.3\repo\org\apiguardian\apiguardian-api\1.1.0\apiguardian-api-1.1.0.jar;D:\application\apache-maven-3.6.3\repo\org\opentest4j\opentest4j\1.2.0\opentest4j-1.2.0.jar;D:\application\apache-maven-3.6.3\repo\org\junit\platform\junit-platform-commons\1.7.2\junit-platform-commons-1.7.2.jar;D:\application\apache-maven-3.6.3\repo\org\junit\jupiter\junit-jupiter-params\5.7.2\junit-jupiter-params-5.7.2.jar;D:\application\apache-maven-3.6.3\repo\org\junit\jupiter\junit-jupiter-engine\5.7.2\junit-jupiter-engine-5.7.2.jar;D:\application\apache-maven-3.6.3\repo\org\junit\platform\junit-platform-engine\1.7.2\junit-platform-engine-1.7.2.jar;D:\application\apache-maven-3.6.3\repo\org\mockito\mockito-core\3.9.0\mockito-core-3.9.0.jar;D:\application\apache-maven-3.6.3\repo\net\bytebuddy\byte-buddy\1.10.22\byte-buddy-1.10.22.jar;D:\application\apache-maven-3.6.3\repo\net\bytebuddy\byte-buddy-agent\1.10.22\byte-buddy-agent-1.10.22.jar;D:\application\apache-maven-3.6.3\repo\org\objenesis\objenesis\3.2\objenesis-3.2.jar;D:\application\apache-maven-3.6.3\repo\org\mockito\mockito-junit-jupiter\3.9.0\mockito-junit-jupiter-3.9.0.jar;D:\application\apache-maven-3.6.3\repo\org\skyscreamer\jsonassert\1.5.0\jsonassert-1.5.0.jar;D:\application\apache-maven-3.6.3\repo\com\vaadin\external\google\android-json\0.0.20131108.vaadin1\android-json-0.0.20131108.vaadin1.jar;D:\application\apache-maven-3.6.3\repo\org\springframework\spring-core\5.3.9\spring-core-5.3.9.jar;D:\application\apache-maven-3.6.3\repo\org\springframework\spring-jcl\5.3.9\spring-jcl-5.3.9.jar;D:\application\apache-maven-3.6.3\repo\org\springframework\spring-test\5.3.9\spring-test-5.3.9.jar;D:\application\apache-maven-3.6.3\repo\org\xmlunit\xmlunit-core\2.8.2\xmlunit-core-2.8.2.jar;"/>
    <property name="sun.cpu.endian" value="little"/>
    <property name="user.home" value="C:\Users\EDZ"/>
    <property name="user.language" value="zh"/>
    <property name="java.specification.vendor" value="Oracle Corporation"/>
    <property name="java.home" value="D:\application\Java\jdk1.8.0_261\jre"/>
    <property name="basedir" value="C:\Users\EDZ\Desktop\mail-miqu\mail-service"/>
    <property name="file.separator" value="\"/>
    <property name="line.separator" value="&#10;"/>
    <property name="java.vm.specification.vendor" value="Oracle Corporation"/>
    <property name="java.specification.name" value="Java Platform API Specification"/>
    <property name="java.awt.graphicsenv" value="sun.awt.Win32GraphicsEnvironment"/>
    <property name="surefire.real.class.path" value="C:\Users\EDZ\AppData\Local\Temp\surefire5261643718528405519\surefirebooter8951911755748980175.jar"/>
    <property name="sun.boot.class.path" value="D:\application\Java\jdk1.8.0_261\jre\lib\resources.jar;D:\application\Java\jdk1.8.0_261\jre\lib\rt.jar;D:\application\Java\jdk1.8.0_261\jre\lib\sunrsasign.jar;D:\application\Java\jdk1.8.0_261\jre\lib\jsse.jar;D:\application\Java\jdk1.8.0_261\jre\lib\jce.jar;D:\application\Java\jdk1.8.0_261\jre\lib\charsets.jar;D:\application\Java\jdk1.8.0_261\jre\lib\jfr.jar;D:\application\Java\jdk1.8.0_261\jre\classes"/>
    <property name="user.script" value=""/>
    <property name="sun.management.compiler" value="HotSpot 64-Bit Tiered Compilers"/>
    <property name="java.runtime.version" value="1.8.0_261-b12"/>
    <property name="user.name" value="EDZ"/>
    <property name="path.separator" value=";"/>
    <property name="os.version" value="10.0"/>
    <property name="java.endorsed.dirs" value="D:\application\Java\jdk1.8.0_261\jre\lib\endorsed"/>
    <property name="java.runtime.name" value="Java(TM) SE Runtime Environment"/>
    <property name="file.encoding" value="GBK"/>
    <property name="java.vm.name" value="Java HotSpot(TM) 64-Bit Server VM"/>
    <property name="localRepository" value="D:\application\apache-maven-3.6.3\repo"/>
    <property name="java.vendor.url.bug" value="http://bugreport.sun.com/bugreport/"/>
    <property name="java.io.tmpdir" value="C:\Users\EDZ\AppData\Local\Temp\"/>
    <property name="idea.version" value="2020.2.2"/>
    <property name="java.version" value="1.8.0_261"/>
    <property name="user.dir" value="C:\Users\EDZ\Desktop\mail-miqu\mail-service"/>
    <property name="os.arch" value="amd64"/>
    <property name="java.vm.specification.name" value="Java Virtual Machine Specification"/>
    <property name="java.awt.printerjob" value="sun.awt.windows.WPrinterJob"/>
    <property name="sun.os.patch.level" value=""/>
    <property name="java.library.path" value="D:\application\Java\jdk1.8.0_261\jre\bin;C:\WINDOWS\Sun\Java\bin;C:\WINDOWS\system32;C:\WINDOWS;C:\Program Files (x86)\NetSarang\Xshell 6\;C:\Program Files (x86)\Intel\Intel(R) Management Engine Components\iCLS\;C:\Program Files\Intel\Intel(R) Management Engine Components\iCLS\;C:\WINDOWS\system32;C:\WINDOWS;C:\WINDOWS\System32\Wbem;C:\WINDOWS\System32\WindowsPowerShell\v1.0\;C:\WINDOWS\System32\OpenSSH\;C:\Program Files (x86)\Intel\Intel(R) Management Engine Components\DAL;C:\Program Files\Intel\Intel(R) Management Engine Components\DAL;D:\application\Git\cmd;D:\application\Java\jdk1.8.0_261\bin;C:\qStart;D:\application\apache-maven-3.6.3\bin;C:\Program Files\TortoiseSVN\bin;C:\Program Files\PuTTY\;C:\Program Files\MySQL\MySQL Utilities 1.6\;C:\Program Files\MySQL\MySQL Server 5.7\bin;C:\Users\EDZ\AppData\Local\Microsoft\WindowsApps;D:\application\Bandizip\;D:\application\JetBrains\IntelliJ IDEA 2020.1\bin;;."/>
    <property name="java.vm.info" value="mixed mode"/>
    <property name="java.vendor" value="Oracle Corporation"/>
    <property name="java.vm.version" value="25.261-b12"/>
    <property name="java.ext.dirs" value="D:\application\Java\jdk1.8.0_261\jre\lib\ext;C:\WINDOWS\Sun\Java\lib\ext"/>
    <property name="sun.io.unicode.encoding" value="UnicodeLittle"/>
    <property name="maven.repo.local" value="D:\application\apache-maven-3.6.3\repo"/>
    <property name="java.class.version" value="52.0"/>
  </properties>
  <testcase name="contextLoads" classname="com.islet.MailServiceApplicationTests" time="0.001">
    <error message="Failed to load ApplicationContext" type="java.lang.IllegalStateException">java.lang.IllegalStateException: Failed to load ApplicationContext
Caused by: org.springframework.beans.factory.UnsatisfiedDependencyException: Error creating bean with name 'baseUserServiceImpl': Unsatisfied dependency expressed through field 'baseMapper'; nested exception is org.springframework.beans.factory.UnsatisfiedDependencyException: Error creating bean with name 'userMapper' defined in file [C:\Users\EDZ\Desktop\mail-miqu\mail-service\target\classes\com\islet\mapper\UserMapper.class]: Unsatisfied dependency expressed through bean property 'sqlSessionFactory'; nested exception is org.springframework.beans.factory.UnsatisfiedDependencyException: Error creating bean with name 'sqlSessionFactory' defined in class path resource [com/baomidou/mybatisplus/autoconfigure/MybatisPlusAutoConfiguration.class]: Unsatisfied dependency expressed through method 'sqlSessionFactory' parameter 0; nested exception is org.springframework.beans.factory.BeanCreationException: Error creating bean with name 'dataSource' defined in class path resource [org/springframework/boot/autoconfigure/jdbc/DataSourceConfiguration$Hikari.class]: Bean instantiation via factory method failed; nested exception is org.springframework.beans.BeanInstantiationException: Failed to instantiate [com.zaxxer.hikari.HikariDataSource]: Factory method 'dataSource' threw exception; nested exception is org.springframework.boot.autoconfigure.jdbc.DataSourceProperties$DataSourceBeanCreationException: Failed to determine suitable jdbc url
Caused by: org.springframework.beans.factory.UnsatisfiedDependencyException: Error creating bean with name 'userMapper' defined in file [C:\Users\EDZ\Desktop\mail-miqu\mail-service\target\classes\com\islet\mapper\UserMapper.class]: Unsatisfied dependency expressed through bean property 'sqlSessionFactory'; nested exception is org.springframework.beans.factory.UnsatisfiedDependencyException: Error creating bean with name 'sqlSessionFactory' defined in class path resource [com/baomidou/mybatisplus/autoconfigure/MybatisPlusAutoConfiguration.class]: Unsatisfied dependency expressed through method 'sqlSessionFactory' parameter 0; nested exception is org.springframework.beans.factory.BeanCreationException: Error creating bean with name 'dataSource' defined in class path resource [org/springframework/boot/autoconfigure/jdbc/DataSourceConfiguration$Hikari.class]: Bean instantiation via factory method failed; nested exception is org.springframework.beans.BeanInstantiationException: Failed to instantiate [com.zaxxer.hikari.HikariDataSource]: Factory method 'dataSource' threw exception; nested exception is org.springframework.boot.autoconfigure.jdbc.DataSourceProperties$DataSourceBeanCreationException: Failed to determine suitable jdbc url
Caused by: org.springframework.beans.factory.UnsatisfiedDependencyException: Error creating bean with name 'sqlSessionFactory' defined in class path resource [com/baomidou/mybatisplus/autoconfigure/MybatisPlusAutoConfiguration.class]: Unsatisfied dependency expressed through method 'sqlSessionFactory' parameter 0; nested exception is org.springframework.beans.factory.BeanCreationException: Error creating bean with name 'dataSource' defined in class path resource [org/springframework/boot/autoconfigure/jdbc/DataSourceConfiguration$Hikari.class]: Bean instantiation via factory method failed; nested exception is org.springframework.beans.BeanInstantiationException: Failed to instantiate [com.zaxxer.hikari.HikariDataSource]: Factory method 'dataSource' threw exception; nested exception is org.springframework.boot.autoconfigure.jdbc.DataSourceProperties$DataSourceBeanCreationException: Failed to determine suitable jdbc url
Caused by: org.springframework.beans.factory.BeanCreationException: Error creating bean with name 'dataSource' defined in class path resource [org/springframework/boot/autoconfigure/jdbc/DataSourceConfiguration$Hikari.class]: Bean instantiation via factory method failed; nested exception is org.springframework.beans.BeanInstantiationException: Failed to instantiate [com.zaxxer.hikari.HikariDataSource]: Factory method 'dataSource' threw exception; nested exception is org.springframework.boot.autoconfigure.jdbc.DataSourceProperties$DataSourceBeanCreationException: Failed to determine suitable jdbc url
Caused by: org.springframework.beans.BeanInstantiationException: Failed to instantiate [com.zaxxer.hikari.HikariDataSource]: Factory method 'dataSource' threw exception; nested exception is org.springframework.boot.autoconfigure.jdbc.DataSourceProperties$DataSourceBeanCreationException: Failed to determine suitable jdbc url
Caused by: org.springframework.boot.autoconfigure.jdbc.DataSourceProperties$DataSourceBeanCreationException: Failed to determine suitable jdbc url
</error>
    <system-out><![CDATA[14:41:28.247 [main] DEBUG org.springframework.test.context.BootstrapUtils - Instantiating CacheAwareContextLoaderDelegate from class [org.springframework.test.context.cache.DefaultCacheAwareContextLoaderDelegate]
14:41:28.259 [main] DEBUG org.springframework.test.context.BootstrapUtils - Instantiating BootstrapContext using constructor [public org.springframework.test.context.support.DefaultBootstrapContext(java.lang.Class,org.springframework.test.context.CacheAwareContextLoaderDelegate)]
14:41:28.290 [main] DEBUG org.springframework.test.context.BootstrapUtils - Instantiating TestContextBootstrapper for test class [com.islet.MailServiceApplicationTests] from class [org.springframework.boot.test.context.SpringBootTestContextBootstrapper]
14:41:28.301 [main] INFO org.springframework.boot.test.context.SpringBootTestContextBootstrapper - Neither @ContextConfiguration nor @ContextHierarchy found for test class [com.islet.MailServiceApplicationTests], using SpringBootContextLoader
14:41:28.304 [main] DEBUG org.springframework.test.context.support.AbstractContextLoader - Did not detect default resource location for test class [com.islet.MailServiceApplicationTests]: class path resource [com/islet/MailServiceApplicationTests-context.xml] does not exist
14:41:28.305 [main] DEBUG org.springframework.test.context.support.AbstractContextLoader - Did not detect default resource location for test class [com.islet.MailServiceApplicationTests]: class path resource [com/islet/MailServiceApplicationTestsContext.groovy] does not exist
14:41:28.305 [main] INFO org.springframework.test.context.support.AbstractContextLoader - Could not detect default resource locations for test class [com.islet.MailServiceApplicationTests]: no resource found for suffixes {-context.xml, Context.groovy}.
14:41:28.305 [main] INFO org.springframework.test.context.support.AnnotationConfigContextLoaderUtils - Could not detect default configuration classes for test class [com.islet.MailServiceApplicationTests]: MailServiceApplicationTests does not declare any static, non-private, non-final, nested classes annotated with @Configuration.
14:41:28.344 [main] DEBUG org.springframework.test.context.support.ActiveProfilesUtils - Could not find an 'annotation declaring class' for annotation type [org.springframework.test.context.ActiveProfiles] and class [com.islet.MailServiceApplicationTests]
14:41:28.404 [main] DEBUG org.springframework.context.annotation.ClassPathScanningCandidateComponentProvider - Identified candidate component class: file [C:\Users\EDZ\Desktop\mail-miqu\mail-service\target\classes\com\islet\MailServiceApplication.class]
14:41:28.406 [main] INFO org.springframework.boot.test.context.SpringBootTestContextBootstrapper - Found @SpringBootConfiguration com.islet.MailServiceApplication for test class com.islet.MailServiceApplicationTests
14:41:28.513 [main] DEBUG org.springframework.boot.test.context.SpringBootTestContextBootstrapper - @TestExecutionListeners is not present for class [com.islet.MailServiceApplicationTests]: using defaults.
14:41:28.513 [main] INFO org.springframework.boot.test.context.SpringBootTestContextBootstrapper - Loaded default TestExecutionListener class names from location [META-INF/spring.factories]: [org.springframework.boot.test.mock.mockito.MockitoTestExecutionListener, org.springframework.boot.test.mock.mockito.ResetMocksTestExecutionListener, org.springframework.boot.test.autoconfigure.restdocs.RestDocsTestExecutionListener, org.springframework.boot.test.autoconfigure.web.client.MockRestServiceServerResetTestExecutionListener, org.springframework.boot.test.autoconfigure.web.servlet.MockMvcPrintOnlyOnFailureTestExecutionListener, org.springframework.boot.test.autoconfigure.web.servlet.WebDriverTestExecutionListener, org.springframework.boot.test.autoconfigure.webservices.client.MockWebServiceServerTestExecutionListener, org.springframework.test.context.web.ServletTestExecutionListener, org.springframework.test.context.support.DirtiesContextBeforeModesTestExecutionListener, org.springframework.test.context.event.ApplicationEventsTestExecutionListener, org.springframework.test.context.support.DependencyInjectionTestExecutionListener, org.springframework.test.context.support.DirtiesContextTestExecutionListener, org.springframework.test.context.transaction.TransactionalTestExecutionListener, org.springframework.test.context.jdbc.SqlScriptsTestExecutionListener, org.springframework.test.context.event.EventPublishingTestExecutionListener]
14:41:28.530 [main] INFO org.springframework.boot.test.context.SpringBootTestContextBootstrapper - Using TestExecutionListeners: [org.springframework.test.context.web.ServletTestExecutionListener@4b741d6d, org.springframework.test.context.support.DirtiesContextBeforeModesTestExecutionListener@2eae8e6e, org.springframework.test.context.event.ApplicationEventsTestExecutionListener@8f2ef19, org.springframework.boot.test.mock.mockito.MockitoTestExecutionListener@470734c3, org.springframework.boot.test.autoconfigure.SpringBootDependencyInjectionTestExecutionListener@2cf3d63b, org.springframework.test.context.support.DirtiesContextTestExecutionListener@7674f035, org.springframework.test.context.transaction.TransactionalTestExecutionListener@69e153c5, org.springframework.test.context.jdbc.SqlScriptsTestExecutionListener@173ed316, org.springframework.test.context.event.EventPublishingTestExecutionListener@25ce9dc4, org.springframework.boot.test.mock.mockito.ResetMocksTestExecutionListener@74ea2410, org.springframework.boot.test.autoconfigure.restdocs.RestDocsTestExecutionListener@17f62e33, org.springframework.boot.test.autoconfigure.web.client.MockRestServiceServerResetTestExecutionListener@76b1e9b8, org.springframework.boot.test.autoconfigure.web.servlet.MockMvcPrintOnlyOnFailureTestExecutionListener@27406a17, org.springframework.boot.test.autoconfigure.web.servlet.WebDriverTestExecutionListener@2af004b, org.springframework.boot.test.autoconfigure.webservices.client.MockWebServiceServerTestExecutionListener@248e319b]
14:41:28.534 [main] DEBUG org.springframework.test.context.support.AbstractDirtiesContextTestExecutionListener - Before test class: context [DefaultTestContext@74e28667 testClass = MailServiceApplicationTests, testInstance = [null], testMethod = [null], testException = [null], mergedContextConfiguration = [WebMergedContextConfiguration@1cf6d1be testClass = MailServiceApplicationTests, locations = '{}', classes = '{class com.islet.MailServiceApplication}', contextInitializerClasses = '[]', activeProfiles = '{}', propertySourceLocations = '{}', propertySourceProperties = '{org.springframework.boot.test.context.SpringBootTestContextBootstrapper=true}', contextCustomizers = set[org.springframework.boot.test.context.filter.ExcludeFilterContextCustomizer@39529185, org.springframework.boot.test.json.DuplicateJsonObjectContextCustomizerFactory$DuplicateJsonObjectContextCustomizer@31c88ec8, org.springframework.boot.test.mock.mockito.MockitoContextCustomizer@0, org.springframework.boot.test.web.client.TestRestTemplateContextCustomizer@3835c46, org.springframework.boot.test.autoconfigure.actuate.metrics.MetricsExportContextCustomizerFactory$DisableMetricExportContextCustomizer@55b7a4e0, org.springframework.boot.test.autoconfigure.properties.PropertyMappingContextCustomizer@0, org.springframework.boot.test.autoconfigure.web.servlet.WebDriverContextCustomizerFactory$Customizer@7fa98a66, org.springframework.boot.test.context.SpringBootTestArgs@1, org.springframework.boot.test.context.SpringBootTestWebEnvironment@9629756], resourceBasePath = 'src/main/webapp', contextLoader = 'org.springframework.boot.test.context.SpringBootContextLoader', parent = [null]], attributes = map['org.springframework.test.context.web.ServletTestExecutionListener.activateListener' -> true]], class annotated with @DirtiesContext [false] with mode [null].
14:41:28.565 [main] DEBUG org.springframework.test.context.support.TestPropertySourceUtils - Adding inlined properties to environment: {spring.jmx.enabled=false, org.springframework.boot.test.context.SpringBootTestContextBootstrapper=true}

  .   ____          _            __ _ _
 /\\ / ___'_ __ _ _(_)_ __  __ _ \ \ \ \
( ( )\___ | '_ | '_| | '_ \/ _` | \ \ \ \
 \\/  ___)| |_)| | | | | || (_| |  ) ) ) )
  '  |____| .__|_| |_|_| |_\__, | / / / /
 =========|_|==============|___/=/_/_/_/
 :: Spring Boot ::                (v2.5.4)

2021-09-18 14:41:28.831  INFO 19200 --- [           main] com.islet.MailServiceApplicationTests    : Starting MailServiceApplicationTests using Java 1.8.0_261 on DESKTOP-8BLM6N8 with PID 19200 (started by EDZ in C:\Users\EDZ\Desktop\mail-miqu\mail-service)
2021-09-18 14:41:28.833  INFO 19200 --- [           main] com.islet.MailServiceApplicationTests    : No active profile set, falling back to default profiles: default
2021-09-18 14:41:29.203  WARN 19200 --- [           main] o.m.s.mapper.ClassPathMapperScanner      : No MyBatis mapper was found in '[com.example.*.mapper]' package. Please check your configuration.
2021-09-18 14:41:30.408  WARN 19200 --- [           main] o.s.w.c.s.GenericWebApplicationContext   : Exception encountered during context initialization - cancelling refresh attempt: org.springframework.beans.factory.UnsatisfiedDependencyException: Error creating bean with name 'baseUserServiceImpl': Unsatisfied dependency expressed through field 'baseMapper'; nested exception is org.springframework.beans.factory.UnsatisfiedDependencyException: Error creating bean with name 'userMapper' defined in file [C:\Users\EDZ\Desktop\mail-miqu\mail-service\target\classes\com\islet\mapper\UserMapper.class]: Unsatisfied dependency expressed through bean property 'sqlSessionFactory'; nested exception is org.springframework.beans.factory.UnsatisfiedDependencyException: Error creating bean with name 'sqlSessionFactory' defined in class path resource [com/baomidou/mybatisplus/autoconfigure/MybatisPlusAutoConfiguration.class]: Unsatisfied dependency expressed through method 'sqlSessionFactory' parameter 0; nested exception is org.springframework.beans.factory.BeanCreationException: Error creating bean with name 'dataSource' defined in class path resource [org/springframework/boot/autoconfigure/jdbc/DataSourceConfiguration$Hikari.class]: Bean instantiation via factory method failed; nested exception is org.springframework.beans.BeanInstantiationException: Failed to instantiate [com.zaxxer.hikari.HikariDataSource]: Factory method 'dataSource' threw exception; nested exception is org.springframework.boot.autoconfigure.jdbc.DataSourceProperties$DataSourceBeanCreationException: Failed to determine suitable jdbc url
2021-09-18 14:41:30.415  INFO 19200 --- [           main] ConditionEvaluationReportLoggingListener : 

Error starting ApplicationContext. To display the conditions report re-run your application with 'debug' enabled.
2021-09-18 14:41:30.432 ERROR 19200 --- [           main] o.s.b.d.LoggingFailureAnalysisReporter   : 

***************************
APPLICATION FAILED TO START
***************************

Description:

Failed to configure a DataSource: 'url' attribute is not specified and no embedded datasource could be configured.

Reason: Failed to determine suitable jdbc url


Action:

Consider the following:
	If you want an embedded database (H2, HSQL or Derby), please put it on the classpath.
	If you have database settings to be loaded from a particular profile you may need to activate it (no profiles are currently active).

2021-09-18 14:41:30.437 ERROR 19200 --- [           main] o.s.test.context.TestContextManager      : Caught exception while allowing TestExecutionListener [org.springframework.test.context.web.ServletTestExecutionListener@4b741d6d] to prepare test instance [com.islet.MailServiceApplicationTests@2216effc]

java.lang.IllegalStateException: Failed to load ApplicationContext
	at org.springframework.test.context.cache.DefaultCacheAwareContextLoaderDelegate.loadContext(DefaultCacheAwareContextLoaderDelegate.java:132) ~[spring-test-5.3.9.jar:5.3.9]
	at org.springframework.test.context.support.DefaultTestContext.getApplicationContext(DefaultTestContext.java:124) ~[spring-test-5.3.9.jar:5.3.9]
	at org.springframework.test.context.web.ServletTestExecutionListener.setUpRequestContextIfNecessary(ServletTestExecutionListener.java:190) ~[spring-test-5.3.9.jar:5.3.9]
	at org.springframework.test.context.web.ServletTestExecutionListener.prepareTestInstance(ServletTestExecutionListener.java:132) ~[spring-test-5.3.9.jar:5.3.9]
	at org.springframework.test.context.TestContextManager.prepareTestInstance(TestContextManager.java:244) ~[spring-test-5.3.9.jar:5.3.9]
	at org.springframework.test.context.junit.jupiter.SpringExtension.postProcessTestInstance(SpringExtension.java:138) [spring-test-5.3.9.jar:5.3.9]
	at org.junit.jupiter.engine.descriptor.ClassBasedTestDescriptor.lambda$invokeTestInstancePostProcessors$6(ClassBasedTestDescriptor.java:350) [junit-jupiter-engine-5.7.2.jar:5.7.2]
	at org.junit.jupiter.engine.descriptor.ClassBasedTestDescriptor.executeAndMaskThrowable(ClassBasedTestDescriptor.java:355) [junit-jupiter-engine-5.7.2.jar:5.7.2]
	at org.junit.jupiter.engine.descriptor.ClassBasedTestDescriptor.lambda$invokeTestInstancePostProcessors$7(ClassBasedTestDescriptor.java:350) [junit-jupiter-engine-5.7.2.jar:5.7.2]
	at java.util.stream.ReferencePipeline$3$1.accept(ReferencePipeline.java:193) ~[na:1.8.0_261]
	at java.util.stream.ReferencePipeline$2$1.accept(ReferencePipeline.java:175) ~[na:1.8.0_261]
	at java.util.ArrayList$ArrayListSpliterator.forEachRemaining(ArrayList.java:1384) ~[na:1.8.0_261]
	at java.util.stream.AbstractPipeline.copyInto(AbstractPipeline.java:482) ~[na:1.8.0_261]
	at java.util.stream.AbstractPipeline.wrapAndCopyInto(AbstractPipeline.java:472) ~[na:1.8.0_261]
	at java.util.stream.StreamSpliterators$WrappingSpliterator.forEachRemaining(StreamSpliterators.java:312) ~[na:1.8.0_261]
	at java.util.stream.Streams$ConcatSpliterator.forEachRemaining(Streams.java:743) ~[na:1.8.0_261]
	at java.util.stream.Streams$ConcatSpliterator.forEachRemaining(Streams.java:742) ~[na:1.8.0_261]
	at java.util.stream.ReferencePipeline$Head.forEach(ReferencePipeline.java:580) ~[na:1.8.0_261]
	at org.junit.jupiter.engine.descriptor.ClassBasedTestDescriptor.invokeTestInstancePostProcessors(ClassBasedTestDescriptor.java:349) [junit-jupiter-engine-5.7.2.jar:5.7.2]
	at org.junit.jupiter.engine.descriptor.ClassBasedTestDescriptor.lambda$instantiateAndPostProcessTestInstance$4(ClassBasedTestDescriptor.java:270) [junit-jupiter-engine-5.7.2.jar:5.7.2]
	at org.junit.platform.engine.support.hierarchical.ThrowableCollector.execute(ThrowableCollector.java:73) ~[junit-platform-engine-1.7.2.jar:1.7.2]
	at org.junit.jupiter.engine.descriptor.ClassBasedTestDescriptor.instantiateAndPostProcessTestInstance(ClassBasedTestDescriptor.java:269) [junit-jupiter-engine-5.7.2.jar:5.7.2]
	at org.junit.jupiter.engine.descriptor.ClassBasedTestDescriptor.lambda$testInstancesProvider$2(ClassBasedTestDescriptor.java:259) [junit-jupiter-engine-5.7.2.jar:5.7.2]
	at java.util.Optional.orElseGet(Optional.java:267) ~[na:1.8.0_261]
	at org.junit.jupiter.engine.descriptor.ClassBasedTestDescriptor.lambda$testInstancesProvider$3(ClassBasedTestDescriptor.java:258) [junit-jupiter-engine-5.7.2.jar:5.7.2]
	at org.junit.jupiter.engine.execution.TestInstancesProvider.getTestInstances(TestInstancesProvider.java:31) ~[junit-jupiter-engine-5.7.2.jar:5.7.2]
	at org.junit.jupiter.engine.descriptor.TestMethodTestDescriptor.lambda$prepare$0(TestMethodTestDescriptor.java:101) ~[junit-jupiter-engine-5.7.2.jar:5.7.2]
	at org.junit.platform.engine.support.hierarchical.ThrowableCollector.execute(ThrowableCollector.java:73) ~[junit-platform-engine-1.7.2.jar:1.7.2]
	at org.junit.jupiter.engine.descriptor.TestMethodTestDescriptor.prepare(TestMethodTestDescriptor.java:100) ~[junit-jupiter-engine-5.7.2.jar:5.7.2]
	at org.junit.jupiter.engine.descriptor.TestMethodTestDescriptor.prepare(TestMethodTestDescriptor.java:65) ~[junit-jupiter-engine-5.7.2.jar:5.7.2]
	at org.junit.platform.engine.support.hierarchical.NodeTestTask.lambda$prepare$1(NodeTestTask.java:111) ~[junit-platform-engine-1.7.2.jar:1.7.2]
	at org.junit.platform.engine.support.hierarchical.ThrowableCollector.execute(ThrowableCollector.java:73) ~[junit-platform-engine-1.7.2.jar:1.7.2]
	at org.junit.platform.engine.support.hierarchical.NodeTestTask.prepare(NodeTestTask.java:111) ~[junit-platform-engine-1.7.2.jar:1.7.2]
	at org.junit.platform.engine.support.hierarchical.NodeTestTask.execute(NodeTestTask.java:79) ~[junit-platform-engine-1.7.2.jar:1.7.2]
	at java.util.ArrayList.forEach(ArrayList.java:1259) ~[na:1.8.0_261]
	at org.junit.platform.engine.support.hierarchical.SameThreadHierarchicalTestExecutorService.invokeAll(SameThreadHierarchicalTestExecutorService.java:38) ~[junit-platform-engine-1.7.2.jar:1.7.2]
	at org.junit.platform.engine.support.hierarchical.NodeTestTask.lambda$executeRecursively$5(NodeTestTask.java:143) ~[junit-platform-engine-1.7.2.jar:1.7.2]
	at org.junit.platform.engine.support.hierarchical.ThrowableCollector.execute(ThrowableCollector.java:73) ~[junit-platform-engine-1.7.2.jar:1.7.2]
	at org.junit.platform.engine.support.hierarchical.NodeTestTask.lambda$executeRecursively$7(NodeTestTask.java:129) ~[junit-platform-engine-1.7.2.jar:1.7.2]
	at org.junit.platform.engine.support.hierarchical.Node.around(Node.java:137) ~[junit-platform-engine-1.7.2.jar:1.7.2]
	at org.junit.platform.engine.support.hierarchical.NodeTestTask.lambda$executeRecursively$8(NodeTestTask.java:127) ~[junit-platform-engine-1.7.2.jar:1.7.2]
	at org.junit.platform.engine.support.hierarchical.ThrowableCollector.execute(ThrowableCollector.java:73) ~[junit-platform-engine-1.7.2.jar:1.7.2]
	at org.junit.platform.engine.support.hierarchical.NodeTestTask.executeRecursively(NodeTestTask.java:126) ~[junit-platform-engine-1.7.2.jar:1.7.2]
	at org.junit.platform.engine.support.hierarchical.NodeTestTask.execute(NodeTestTask.java:84) ~[junit-platform-engine-1.7.2.jar:1.7.2]
	at java.util.ArrayList.forEach(ArrayList.java:1259) ~[na:1.8.0_261]
	at org.junit.platform.engine.support.hierarchical.SameThreadHierarchicalTestExecutorService.invokeAll(SameThreadHierarchicalTestExecutorService.java:38) ~[junit-platform-engine-1.7.2.jar:1.7.2]
	at org.junit.platform.engine.support.hierarchical.NodeTestTask.lambda$executeRecursively$5(NodeTestTask.java:143) ~[junit-platform-engine-1.7.2.jar:1.7.2]
	at org.junit.platform.engine.support.hierarchical.ThrowableCollector.execute(ThrowableCollector.java:73) ~[junit-platform-engine-1.7.2.jar:1.7.2]
	at org.junit.platform.engine.support.hierarchical.NodeTestTask.lambda$executeRecursively$7(NodeTestTask.java:129) ~[junit-platform-engine-1.7.2.jar:1.7.2]
	at org.junit.platform.engine.support.hierarchical.Node.around(Node.java:137) ~[junit-platform-engine-1.7.2.jar:1.7.2]
	at org.junit.platform.engine.support.hierarchical.NodeTestTask.lambda$executeRecursively$8(NodeTestTask.java:127) ~[junit-platform-engine-1.7.2.jar:1.7.2]
	at org.junit.platform.engine.support.hierarchical.ThrowableCollector.execute(ThrowableCollector.java:73) ~[junit-platform-engine-1.7.2.jar:1.7.2]
	at org.junit.platform.engine.support.hierarchical.NodeTestTask.executeRecursively(NodeTestTask.java:126) ~[junit-platform-engine-1.7.2.jar:1.7.2]
	at org.junit.platform.engine.support.hierarchical.NodeTestTask.execute(NodeTestTask.java:84) ~[junit-platform-engine-1.7.2.jar:1.7.2]
	at org.junit.platform.engine.support.hierarchical.SameThreadHierarchicalTestExecutorService.submit(SameThreadHierarchicalTestExecutorService.java:32) ~[junit-platform-engine-1.7.2.jar:1.7.2]
	at org.junit.platform.engine.support.hierarchical.HierarchicalTestExecutor.execute(HierarchicalTestExecutor.java:57) ~[junit-platform-engine-1.7.2.jar:1.7.2]
	at org.junit.platform.engine.support.hierarchical.HierarchicalTestEngine.execute(HierarchicalTestEngine.java:51) ~[junit-platform-engine-1.7.2.jar:1.7.2]
	at org.junit.platform.launcher.core.DefaultLauncher.execute(DefaultLauncher.java:220) ~[junit-platform-launcher-1.3.1.jar:1.3.1]
	at org.junit.platform.launcher.core.DefaultLauncher.lambda$execute$6(DefaultLauncher.java:188) ~[junit-platform-launcher-1.3.1.jar:1.3.1]
	at org.junit.platform.launcher.core.DefaultLauncher.withInterceptedStreams(DefaultLauncher.java:202) ~[junit-platform-launcher-1.3.1.jar:1.3.1]
	at org.junit.platform.launcher.core.DefaultLauncher.execute(DefaultLauncher.java:181) ~[junit-platform-launcher-1.3.1.jar:1.3.1]
	at org.junit.platform.launcher.core.DefaultLauncher.execute(DefaultLauncher.java:128) ~[junit-platform-launcher-1.3.1.jar:1.3.1]
	at org.apache.maven.surefire.junitplatform.JUnitPlatformProvider.invokeAllTests(JUnitPlatformProvider.java:150) ~[surefire-junit-platform-2.22.2.jar:2.22.2]
	at org.apache.maven.surefire.junitplatform.JUnitPlatformProvider.invoke(JUnitPlatformProvider.java:124) ~[surefire-junit-platform-2.22.2.jar:2.22.2]
	at org.apache.maven.surefire.booter.ForkedBooter.invokeProviderInSameClassLoader(ForkedBooter.java:384) ~[surefire-booter-2.22.2.jar:2.22.2]
	at org.apache.maven.surefire.booter.ForkedBooter.runSuitesInProcess(ForkedBooter.java:345) ~[surefire-booter-2.22.2.jar:2.22.2]
	at org.apache.maven.surefire.booter.ForkedBooter.execute(ForkedBooter.java:126) ~[surefire-booter-2.22.2.jar:2.22.2]
	at org.apache.maven.surefire.booter.ForkedBooter.main(ForkedBooter.java:418) ~[surefire-booter-2.22.2.jar:2.22.2]
Caused by: org.springframework.beans.factory.UnsatisfiedDependencyException: Error creating bean with name 'baseUserServiceImpl': Unsatisfied dependency expressed through field 'baseMapper'; nested exception is org.springframework.beans.factory.UnsatisfiedDependencyException: Error creating bean with name 'userMapper' defined in file [C:\Users\EDZ\Desktop\mail-miqu\mail-service\target\classes\com\islet\mapper\UserMapper.class]: Unsatisfied dependency expressed through bean property 'sqlSessionFactory'; nested exception is org.springframework.beans.factory.UnsatisfiedDependencyException: Error creating bean with name 'sqlSessionFactory' defined in class path resource [com/baomidou/mybatisplus/autoconfigure/MybatisPlusAutoConfiguration.class]: Unsatisfied dependency expressed through method 'sqlSessionFactory' parameter 0; nested exception is org.springframework.beans.factory.BeanCreationException: Error creating bean with name 'dataSource' defined in class path resource [org/springframework/boot/autoconfigure/jdbc/DataSourceConfiguration$Hikari.class]: Bean instantiation via factory method failed; nested exception is org.springframework.beans.BeanInstantiationException: Failed to instantiate [com.zaxxer.hikari.HikariDataSource]: Factory method 'dataSource' threw exception; nested exception is org.springframework.boot.autoconfigure.jdbc.DataSourceProperties$DataSourceBeanCreationException: Failed to determine suitable jdbc url
	at org.springframework.beans.factory.annotation.AutowiredAnnotationBeanPostProcessor$AutowiredFieldElement.resolveFieldValue(AutowiredAnnotationBeanPostProcessor.java:660) ~[spring-beans-5.3.9.jar:5.3.9]
	at org.springframework.beans.factory.annotation.AutowiredAnnotationBeanPostProcessor$AutowiredFieldElement.inject(AutowiredAnnotationBeanPostProcessor.java:640) ~[spring-beans-5.3.9.jar:5.3.9]
	at org.springframework.beans.factory.annotation.InjectionMetadata.inject(InjectionMetadata.java:119) ~[spring-beans-5.3.9.jar:5.3.9]
	at org.springframework.beans.factory.annotation.AutowiredAnnotationBeanPostProcessor.postProcessProperties(AutowiredAnnotationBeanPostProcessor.java:399) ~[spring-beans-5.3.9.jar:5.3.9]
	at org.springframework.beans.factory.support.AbstractAutowireCapableBeanFactory.populateBean(AbstractAutowireCapableBeanFactory.java:1413) ~[spring-beans-5.3.9.jar:5.3.9]
	at org.springframework.beans.factory.support.AbstractAutowireCapableBeanFactory.doCreateBean(AbstractAutowireCapableBeanFactory.java:601) ~[spring-beans-5.3.9.jar:5.3.9]
	at org.springframework.beans.factory.support.AbstractAutowireCapableBeanFactory.createBean(AbstractAutowireCapableBeanFactory.java:524) ~[spring-beans-5.3.9.jar:5.3.9]
	at org.springframework.beans.factory.support.AbstractBeanFactory.lambda$doGetBean$0(AbstractBeanFactory.java:335) ~[spring-beans-5.3.9.jar:5.3.9]
	at org.springframework.beans.factory.support.DefaultSingletonBeanRegistry.getSingleton(DefaultSingletonBeanRegistry.java:234) ~[spring-beans-5.3.9.jar:5.3.9]
	at org.springframework.beans.factory.support.AbstractBeanFactory.doGetBean(AbstractBeanFactory.java:333) ~[spring-beans-5.3.9.jar:5.3.9]
	at org.springframework.beans.factory.support.AbstractBeanFactory.getBean(AbstractBeanFactory.java:208) ~[spring-beans-5.3.9.jar:5.3.9]
	at org.springframework.beans.factory.support.DefaultListableBeanFactory.preInstantiateSingletons(DefaultListableBeanFactory.java:944) ~[spring-beans-5.3.9.jar:5.3.9]
	at org.springframework.context.support.AbstractApplicationContext.finishBeanFactoryInitialization(AbstractApplicationContext.java:918) ~[spring-context-5.3.9.jar:5.3.9]
	at org.springframework.context.support.AbstractApplicationContext.refresh(AbstractApplicationContext.java:583) ~[spring-context-5.3.9.jar:5.3.9]
	at org.springframework.boot.SpringApplication.refresh(SpringApplication.java:754) ~[spring-boot-2.5.4.jar:2.5.4]
	at org.springframework.boot.SpringApplication.refreshContext(SpringApplication.java:434) ~[spring-boot-2.5.4.jar:2.5.4]
	at org.springframework.boot.SpringApplication.run(SpringApplication.java:338) ~[spring-boot-2.5.4.jar:2.5.4]
	at org.springframework.boot.test.context.SpringBootContextLoader.loadContext(SpringBootContextLoader.java:123) ~[spring-boot-test-2.5.4.jar:2.5.4]
	at org.springframework.test.context.cache.DefaultCacheAwareContextLoaderDelegate.loadContextInternal(DefaultCacheAwareContextLoaderDelegate.java:99) ~[spring-test-5.3.9.jar:5.3.9]
	at org.springframework.test.context.cache.DefaultCacheAwareContextLoaderDelegate.loadContext(DefaultCacheAwareContextLoaderDelegate.java:124) ~[spring-test-5.3.9.jar:5.3.9]
	... 67 common frames omitted
Caused by: org.springframework.beans.factory.UnsatisfiedDependencyException: Error creating bean with name 'userMapper' defined in file [C:\Users\EDZ\Desktop\mail-miqu\mail-service\target\classes\com\islet\mapper\UserMapper.class]: Unsatisfied dependency expressed through bean property 'sqlSessionFactory'; nested exception is org.springframework.beans.factory.UnsatisfiedDependencyException: Error creating bean with name 'sqlSessionFactory' defined in class path resource [com/baomidou/mybatisplus/autoconfigure/MybatisPlusAutoConfiguration.class]: Unsatisfied dependency expressed through method 'sqlSessionFactory' parameter 0; nested exception is org.springframework.beans.factory.BeanCreationException: Error creating bean with name 'dataSource' defined in class path resource [org/springframework/boot/autoconfigure/jdbc/DataSourceConfiguration$Hikari.class]: Bean instantiation via factory method failed; nested exception is org.springframework.beans.BeanInstantiationException: Failed to instantiate [com.zaxxer.hikari.HikariDataSource]: Factory method 'dataSource' threw exception; nested exception is org.springframework.boot.autoconfigure.jdbc.DataSourceProperties$DataSourceBeanCreationException: Failed to determine suitable jdbc url
	at org.springframework.beans.factory.support.AbstractAutowireCapableBeanFactory.autowireByType(AbstractAutowireCapableBeanFactory.java:1516) ~[spring-beans-5.3.9.jar:5.3.9]
	at org.springframework.beans.factory.support.AbstractAutowireCapableBeanFactory.populateBean(AbstractAutowireCapableBeanFactory.java:1399) ~[spring-beans-5.3.9.jar:5.3.9]
	at org.springframework.beans.factory.support.AbstractAutowireCapableBeanFactory.doCreateBean(AbstractAutowireCapableBeanFactory.java:601) ~[spring-beans-5.3.9.jar:5.3.9]
	at org.springframework.beans.factory.support.AbstractAutowireCapableBeanFactory.createBean(AbstractAutowireCapableBeanFactory.java:524) ~[spring-beans-5.3.9.jar:5.3.9]
	at org.springframework.beans.factory.support.AbstractBeanFactory.lambda$doGetBean$0(AbstractBeanFactory.java:335) ~[spring-beans-5.3.9.jar:5.3.9]
	at org.springframework.beans.factory.support.DefaultSingletonBeanRegistry.getSingleton(DefaultSingletonBeanRegistry.java:234) ~[spring-beans-5.3.9.jar:5.3.9]
	at org.springframework.beans.factory.support.AbstractBeanFactory.doGetBean(AbstractBeanFactory.java:333) ~[spring-beans-5.3.9.jar:5.3.9]
	at org.springframework.beans.factory.support.AbstractBeanFactory.getBean(AbstractBeanFactory.java:208) ~[spring-beans-5.3.9.jar:5.3.9]
	at org.springframework.beans.factory.config.DependencyDescriptor.resolveCandidate(DependencyDescriptor.java:276) ~[spring-beans-5.3.9.jar:5.3.9]
	at org.springframework.beans.factory.support.DefaultListableBeanFactory.doResolveDependency(DefaultListableBeanFactory.java:1380) ~[spring-beans-5.3.9.jar:5.3.9]
	at org.springframework.beans.factory.support.DefaultListableBeanFactory.resolveDependency(DefaultListableBeanFactory.java:1300) ~[spring-beans-5.3.9.jar:5.3.9]
	at org.springframework.beans.factory.annotation.AutowiredAnnotationBeanPostProcessor$AutowiredFieldElement.resolveFieldValue(AutowiredAnnotationBeanPostProcessor.java:657) ~[spring-beans-5.3.9.jar:5.3.9]
	... 86 common frames omitted
Caused by: org.springframework.beans.factory.UnsatisfiedDependencyException: Error creating bean with name 'sqlSessionFactory' defined in class path resource [com/baomidou/mybatisplus/autoconfigure/MybatisPlusAutoConfiguration.class]: Unsatisfied dependency expressed through method 'sqlSessionFactory' parameter 0; nested exception is org.springframework.beans.factory.BeanCreationException: Error creating bean with name 'dataSource' defined in class path resource [org/springframework/boot/autoconfigure/jdbc/DataSourceConfiguration$Hikari.class]: Bean instantiation via factory method failed; nested exception is org.springframework.beans.BeanInstantiationException: Failed to instantiate [com.zaxxer.hikari.HikariDataSource]: Factory method 'dataSource' threw exception; nested exception is org.springframework.boot.autoconfigure.jdbc.DataSourceProperties$DataSourceBeanCreationException: Failed to determine suitable jdbc url
	at org.springframework.beans.factory.support.ConstructorResolver.createArgumentArray(ConstructorResolver.java:800) ~[spring-beans-5.3.9.jar:5.3.9]
	at org.springframework.beans.factory.support.ConstructorResolver.instantiateUsingFactoryMethod(ConstructorResolver.java:541) ~[spring-beans-5.3.9.jar:5.3.9]
	at org.springframework.beans.factory.support.AbstractAutowireCapableBeanFactory.instantiateUsingFactoryMethod(AbstractAutowireCapableBeanFactory.java:1334) ~[spring-beans-5.3.9.jar:5.3.9]
	at org.springframework.beans.factory.support.AbstractAutowireCapableBeanFactory.createBeanInstance(AbstractAutowireCapableBeanFactory.java:1177) ~[spring-beans-5.3.9.jar:5.3.9]
	at org.springframework.beans.factory.support.AbstractAutowireCapableBeanFactory.doCreateBean(AbstractAutowireCapableBeanFactory.java:564) ~[spring-beans-5.3.9.jar:5.3.9]
	at org.springframework.beans.factory.support.AbstractAutowireCapableBeanFactory.createBean(AbstractAutowireCapableBeanFactory.java:524) ~[spring-beans-5.3.9.jar:5.3.9]
	at org.springframework.beans.factory.support.AbstractBeanFactory.lambda$doGetBean$0(AbstractBeanFactory.java:335) ~[spring-beans-5.3.9.jar:5.3.9]
	at org.springframework.beans.factory.support.DefaultSingletonBeanRegistry.getSingleton(DefaultSingletonBeanRegistry.java:234) ~[spring-beans-5.3.9.jar:5.3.9]
	at org.springframework.beans.factory.support.AbstractBeanFactory.doGetBean(AbstractBeanFactory.java:333) ~[spring-beans-5.3.9.jar:5.3.9]
	at org.springframework.beans.factory.support.AbstractBeanFactory.getBean(AbstractBeanFactory.java:208) ~[spring-beans-5.3.9.jar:5.3.9]
	at org.springframework.beans.factory.config.DependencyDescriptor.resolveCandidate(DependencyDescriptor.java:276) ~[spring-beans-5.3.9.jar:5.3.9]
	at org.springframework.beans.factory.support.DefaultListableBeanFactory.doResolveDependency(DefaultListableBeanFactory.java:1380) ~[spring-beans-5.3.9.jar:5.3.9]
	at org.springframework.beans.factory.support.DefaultListableBeanFactory.resolveDependency(DefaultListableBeanFactory.java:1300) ~[spring-beans-5.3.9.jar:5.3.9]
	at org.springframework.beans.factory.support.AbstractAutowireCapableBeanFactory.autowireByType(AbstractAutowireCapableBeanFactory.java:1501) ~[spring-beans-5.3.9.jar:5.3.9]
	... 97 common frames omitted
Caused by: org.springframework.beans.factory.BeanCreationException: Error creating bean with name 'dataSource' defined in class path resource [org/springframework/boot/autoconfigure/jdbc/DataSourceConfiguration$Hikari.class]: Bean instantiation via factory method failed; nested exception is org.springframework.beans.BeanInstantiationException: Failed to instantiate [com.zaxxer.hikari.HikariDataSource]: Factory method 'dataSource' threw exception; nested exception is org.springframework.boot.autoconfigure.jdbc.DataSourceProperties$DataSourceBeanCreationException: Failed to determine suitable jdbc url
	at org.springframework.beans.factory.support.ConstructorResolver.instantiate(ConstructorResolver.java:658) ~[spring-beans-5.3.9.jar:5.3.9]
	at org.springframework.beans.factory.support.ConstructorResolver.instantiateUsingFactoryMethod(ConstructorResolver.java:638) ~[spring-beans-5.3.9.jar:5.3.9]
	at org.springframework.beans.factory.support.AbstractAutowireCapableBeanFactory.instantiateUsingFactoryMethod(AbstractAutowireCapableBeanFactory.java:1334) ~[spring-beans-5.3.9.jar:5.3.9]
	at org.springframework.beans.factory.support.AbstractAutowireCapableBeanFactory.createBeanInstance(AbstractAutowireCapableBeanFactory.java:1177) ~[spring-beans-5.3.9.jar:5.3.9]
	at org.springframework.beans.factory.support.AbstractAutowireCapableBeanFactory.doCreateBean(AbstractAutowireCapableBeanFactory.java:564) ~[spring-beans-5.3.9.jar:5.3.9]
	at org.springframework.beans.factory.support.AbstractAutowireCapableBeanFactory.createBean(AbstractAutowireCapableBeanFactory.java:524) ~[spring-beans-5.3.9.jar:5.3.9]
	at org.springframework.beans.factory.support.AbstractBeanFactory.lambda$doGetBean$0(AbstractBeanFactory.java:335) ~[spring-beans-5.3.9.jar:5.3.9]
	at org.springframework.beans.factory.support.DefaultSingletonBeanRegistry.getSingleton(DefaultSingletonBeanRegistry.java:234) ~[spring-beans-5.3.9.jar:5.3.9]
	at org.springframework.beans.factory.support.AbstractBeanFactory.doGetBean(AbstractBeanFactory.java:333) ~[spring-beans-5.3.9.jar:5.3.9]
	at org.springframework.beans.factory.support.AbstractBeanFactory.getBean(AbstractBeanFactory.java:208) ~[spring-beans-5.3.9.jar:5.3.9]
	at org.springframework.beans.factory.config.DependencyDescriptor.resolveCandidate(DependencyDescriptor.java:276) ~[spring-beans-5.3.9.jar:5.3.9]
	at org.springframework.beans.factory.support.DefaultListableBeanFactory.doResolveDependency(DefaultListableBeanFactory.java:1380) ~[spring-beans-5.3.9.jar:5.3.9]
	at org.springframework.beans.factory.support.DefaultListableBeanFactory.resolveDependency(DefaultListableBeanFactory.java:1300) ~[spring-beans-5.3.9.jar:5.3.9]
	at org.springframework.beans.factory.support.ConstructorResolver.resolveAutowiredArgument(ConstructorResolver.java:887) ~[spring-beans-5.3.9.jar:5.3.9]
	at org.springframework.beans.factory.support.ConstructorResolver.createArgumentArray(ConstructorResolver.java:791) ~[spring-beans-5.3.9.jar:5.3.9]
	... 110 common frames omitted
Caused by: org.springframework.beans.BeanInstantiationException: Failed to instantiate [com.zaxxer.hikari.HikariDataSource]: Factory method 'dataSource' threw exception; nested exception is org.springframework.boot.autoconfigure.jdbc.DataSourceProperties$DataSourceBeanCreationException: Failed to determine suitable jdbc url
	at org.springframework.beans.factory.support.SimpleInstantiationStrategy.instantiate(SimpleInstantiationStrategy.java:185) ~[spring-beans-5.3.9.jar:5.3.9]
	at org.springframework.beans.factory.support.ConstructorResolver.instantiate(ConstructorResolver.java:653) ~[spring-beans-5.3.9.jar:5.3.9]
	... 124 common frames omitted
Caused by: org.springframework.boot.autoconfigure.jdbc.DataSourceProperties$DataSourceBeanCreationException: Failed to determine suitable jdbc url
	at org.springframework.boot.autoconfigure.jdbc.DataSourceProperties.determineUrl(DataSourceProperties.java:298) ~[spring-boot-autoconfigure-2.5.4.jar:2.5.4]
	at org.springframework.boot.autoconfigure.jdbc.DataSourceProperties.initializeDataSourceBuilder(DataSourceProperties.java:195) ~[spring-boot-autoconfigure-2.5.4.jar:2.5.4]
	at org.springframework.boot.autoconfigure.jdbc.DataSourceConfiguration.createDataSource(DataSourceConfiguration.java:48) ~[spring-boot-autoconfigure-2.5.4.jar:2.5.4]
	at org.springframework.boot.autoconfigure.jdbc.DataSourceConfiguration$Hikari.dataSource(DataSourceConfiguration.java:90) ~[spring-boot-autoconfigure-2.5.4.jar:2.5.4]
	at sun.reflect.NativeMethodAccessorImpl.invoke0(Native Method) ~[na:1.8.0_261]
	at sun.reflect.NativeMethodAccessorImpl.invoke(NativeMethodAccessorImpl.java:62) ~[na:1.8.0_261]
	at sun.reflect.DelegatingMethodAccessorImpl.invoke(DelegatingMethodAccessorImpl.java:43) ~[na:1.8.0_261]
	at java.lang.reflect.Method.invoke(Method.java:498) ~[na:1.8.0_261]
	at org.springframework.beans.factory.support.SimpleInstantiationStrategy.instantiate(SimpleInstantiationStrategy.java:154) ~[spring-beans-5.3.9.jar:5.3.9]
	... 125 common frames omitted

]]></system-out>
  </testcase>
</testsuite>